2022-04-14 09:14:57,562 INFO org.springframework.boot.StartupInfoLogger [main] Starting AppenderApplication using Java 11.0.14.1 on lizethe-X556UQK with PID 15236 (/home/lizethe/Documents/ssi/github-repos/logging-springboot-elasticseach/target/classes started by root in /home/lizethe/Documents/ssi/github-repos/logging-springboot-elasticseach)
2022-04-14 09:14:57,569 DEBUG org.springframework.boot.StartupInfoLogger [main] Running with Spring Boot v2.6.6, Spring v5.3.18
2022-04-14 09:14:57,572 INFO org.springframework.boot.SpringApplication [main] No active profile set, falling back to 1 default profile: "default"
2022-04-14 09:14:57,821 INFO com.internetitem.logback.elasticsearch.writer.LoggerWriter [es-writer-1] {"index":{"_index":"springboot-logs-2022-04-14"}}
{"@timestamp":"2022-04-14T09:14:57.562-0400","message":"Starting AppenderApplication using Java 11.0.14.1 on lizethe-X556UQK with PID 15236 (/home/lizethe/Documents/ssi/github-repos/logging-springboot-elasticseach/target/classes started by root in /home/lizethe/Documents/ssi/github-repos/logging-springboot-elasticseach)","host":"lizethe-X556UQK","severity":"INFO","thread":"main","logger":"com.logging.elasticsearch.appender.AppenderApplication"}
{"index":{"_index":"springboot-logs-2022-04-14"}}
{"@timestamp":"2022-04-14T09:14:57.569-0400","message":"Running with Spring Boot v2.6.6, Spring v5.3.18","host":"lizethe-X556UQK","severity":"DEBUG","thread":"main","logger":"com.logging.elasticsearch.appender.AppenderApplication"}
{"index":{"_index":"springboot-logs-2022-04-14"}}
{"@timestamp":"2022-04-14T09:14:57.572-0400","message":"No active profile set, falling back to 1 default profile: 
2022-04-14 09:14:57,823 INFO com.internetitem.logback.elasticsearch.writer.LoggerWriter [es-writer-1] {"index":
2022-04-14 09:14:57,823 INFO com.internetitem.logback.elasticsearch.writer.LoggerWriter [es-writer-1] {"index":{"_index":"springboot-logs-2022-04-14"}}
{"@timestamp":"2022-04-14T09:14:57.562-0400","message":"Starting AppenderApplica
2022-04-14 09:15:03,395 INFO org.springframework.boot.web.embedded.tomcat.TomcatWebServer [main] Tomcat initialized with port(s): 8080 (http)
2022-04-14 09:15:03,402 INFO org.apache.juli.logging.DirectJDKLog [main] Initializing ProtocolHandler ["http-nio-8080"]
2022-04-14 09:15:03,403 INFO org.apache.juli.logging.DirectJDKLog [main] Starting service [Tomcat]
2022-04-14 09:15:03,403 INFO org.apache.juli.logging.DirectJDKLog [main] Starting Servlet engine: [Apache Tomcat/9.0.60]
2022-04-14 09:15:03,448 INFO com.internetitem.logback.elasticsearch.writer.LoggerWriter [es-writer-1] {"index":{"_index":"springboot-logs-2022-04-14"}}
{"@timestamp":"2022-04-14T09:15:03.395-0400","message":"Tomcat initialized with port(s): 8080 (http)","host":"lizethe-X556UQK","severity":"INFO","thread":"main","logger":"org.springframework.boot.web.embedded.tomcat.TomcatWebServer"}
{"index":{"_index":"springboot-logs-2022-04-14"}}
{"@timestamp":"2022-04-14T09:15:03.402-0400","message":"Initializing ProtocolHandler [
2022-04-14 09:15:03,448 INFO com.internetitem.logback.elasticsearch.writer.LoggerWriter [es-writer-1] {"index":{"_ind
2022-04-14 09:15:03,449 INFO com.internetitem.logback.elasticsearch.writer.LoggerWriter [es-writer-1] {"index":{"_index":"springboot-logs-2022-04-14"}}
{"@timestamp":"2022-04-14T09:15:03.395-0400","message":"Tomcat initialized with port(s): 8080 (http)","host":"lizethe-X556UQK","severity":"INFO","thread":"main","logger":"org.springframework.boot.web.embedded.tomcat.TomcatWebServer"}
{"index":{"_index":"springboot-logs-2022-04-14"}}
{"@timestamp":"2022-04-14T09:15:03.402-0400","message":"Initializing ProtocolHandler \"http-nio-808\"]","host":"lizethe-X556UQK","severity":"INFO","thread":"main","logger":"org.apache.coyote.http11.Http11NioProtocol"}
{"index":{"_index":"springboot-logs-2022-04-14"}}
{"@timestamp":"2022-04-14T09
2022-04-14 09:15:03,773 INFO org.apache.juli.logging.DirectJDKLog [main] Initializing Spring embedded WebApplicationContext
2022-04-14 09:15:03,774 INFO org.springframework.boot.web.servlet.context.ServletWebServerApplicationContext [main] Root WebApplicationContext: initialization completed in 5965 ms
2022-04-14 09:15:03,842 INFO com.internetitem.logback.elasticsearch.writer.LoggerWriter [es-writer-1] {"index":{"_index":"springboot-logs-2022-04-14"}}
{"@timestamp":"2022-04-14T09:15:03.773-0400","message":"Initializing Spring embedded WebApplicationContext","host":"lizethe-X556UQK","severity":"INFO","thread":"main","logger":"org.apache.catalina.core.ContainerBase.[Tomcat].[localhost].[/]"}
{"index":{"_index":"springboot-logs-2022-04-14"}}
{"@timestamp":"2022-04-14T09:15:03.774-0400","message":"Root WebApplicationContext: initialization completed in 5965 ms","host":"lizethe-X556UQK","severity":"INFO","thread":"main","logger":"org.springframework.boot.web.servlet.context.ServletWebServerApplicationContext"}

2022-04-14 09:15:04,435 INFO org.apache.juli.logging.DirectJDKLog [main] Starting ProtocolHandler ["http-nio-8080"]
2022-04-14 09:15:04,521 INFO org.springframework.boot.web.embedded.tomcat.TomcatWebServer [main] Tomcat started on port(s): 8080 (http) with context path ''
2022-04-14 09:15:04,548 INFO org.springframework.boot.StartupInfoLogger [main] Started AppenderApplication in 8.126 seconds (JVM running for 11.765)
2022-04-14 09:15:04,688 INFO com.internetitem.logback.elasticsearch.writer.LoggerWriter [es-writer-2] {"index":{"_index":"springboot-logs-2022-04-14"}}
{"@timestamp":"2022-04-14T09:15:04.435-0400","message":"Starting ProtocolHandler [
2022-04-14 09:15:04,688 INFO com.internetitem.logback.elasticsearch.writer.LoggerWriter [es-writer-2] {"index":{"_ind
2022-04-14 09:15:04,689 INFO com.internetitem.logback.elasticsearch.writer.LoggerWriter [es-writer-2] {"index":{"_index":"springboot-logs-2022-04-14"}}
{"@timestamp":"2022-04-14T09:15:04.435-0400","message":"Starting ProtocolHandler \"http-nio-808\"]","host":"lizethe-X556UQK","severity":"INFO","thread":"main","logger":"org.apache.coyote.http11.Http11NioProtocol"}
{"index":{"_index":"springboot-logs-2022-04-14"}}
{"@timestamp":"2022-04-14T09:15:04.521-0400","message":"Tomcat started on port(s): 8080 (http) with context path ''","host":"lizethe-X556UQK","severity":"INFO","thread":"main","logger":"org.springframework.boot.web.embedded.tomcat.TomcatWebServer"}
{"index":{"_index":"springboot-logs-2022-04-14"}}
{"@timestamp":"2022-04-14T09:15:04.548-0400","message":"Started AppenderApplication in 8.126 seconds (JVM ru
2022-04-14 09:15:55,721 INFO org.apache.juli.logging.DirectJDKLog [http-nio-8080-exec-2] Initializing Spring DispatcherServlet 'dispatcherServlet'
2022-04-14 09:15:55,724 INFO org.springframework.web.servlet.FrameworkServlet [http-nio-8080-exec-2] Initializing Servlet 'dispatcherServlet'
2022-04-14 09:15:55,729 INFO org.springframework.web.servlet.FrameworkServlet [http-nio-8080-exec-2] Completed initialization in 3 ms
2022-04-14 09:15:55,977 INFO com.internetitem.logback.elasticsearch.writer.LoggerWriter [es-writer-3] {"index":{"_index":"springboot-logs-2022-04-14"}}
{"@timestamp":"2022-04-14T09:15:55.721-0400","message":"Initializing Spring DispatcherServlet 'dispatcherServlet'","host":"lizethe-X556UQK","severity":"INFO","thread":"http-nio-8080-exec-2","logger":"org.apache.catalina.core.ContainerBase.[Tomcat].[localhost].[/]"}
{"index":{"_index":"springboot-logs-2022-04-14"}}
{"@timestamp":"2022-04-14T09:15:55.724-0400","message":"Initializing Servlet 'dispatcherServlet'","host":"lizethe-X556UQK","severity":"INFO","thread":"http-nio-8080-exec-2","logger":"org.springframework.web.servlet.DispatcherServlet"}
{"index":{"_index":"springboot-logs-2022-04-14"}}
{"@timestamp":"2022-04-14T09:15:55.729-0400","message":"Completed initialization in 3 ms","host":"lizethe-X556UQK","severity":"INFO","thread":"http-nio-8080-exec-2","logger":"org.springframework.web.servlet.DispatcherServlet"}

2022-04-14 09:15:56,075 TRACE com.logging.elasticsearch.appender.services.LogbackAggregationServiceImpl [http-nio-8080-exec-2] Trace Logging
2022-04-14 09:15:56,300 INFO com.internetitem.logback.elasticsearch.writer.LoggerWriter [es-writer-3] {"index":{"_index":"springboot-logs-2022-04-14"}}
{"@timestamp":"2022-04-14T09:15:56.075-0400","message":"Trace Logging","arg3":"Como estas?","arg2":"Hola,","Input":"{
2022-04-14 09:15:56,300 INFO com.internetitem.logback.elasticsearch.writer.LoggerWriter [es-writer-3] {"inde
2022-04-14 09:15:56,301 INFO com.internetitem.logback.elasticsearch.writer.LoggerWriter [es-writer-3] {"i
2022-04-14 09:15:56,301 INFO com.internetitem.logback.elasticsearch.writer.LoggerWriter [es-writer-3] {"index":{"_i
2022-04-14 09:15:56,301 INFO com.internetitem.logback.elasticsearch.writer.LoggerWriter [es-writer-3] {"i
2022-04-14 09:15:56,301 INFO com.internetitem.logback.elasticsearch.writer.LoggerWriter [es-writer-3] {"inde
2022-04-14 09:15:56,301 INFO com.internetitem.logback.elasticsearch.writer.LoggerWriter [es-writer-3] {"i
2022-04-14 09:15:56,302 INFO com.internetitem.logback.elasticsearch.writer.LoggerWriter [es-writer-3] {"index
2022-04-14 09:15:56,302 INFO com.internetitem.logback.elasticsearch.writer.LoggerWriter [es-writer-3] {"i
2022-04-14 09:15:56,302 INFO com.internetitem.logback.elasticsearch.writer.LoggerWriter [es-writer-3] {"inde
2022-04-14 09:15:56,302 INFO com.internetitem.logback.elasticsearch.writer.LoggerWriter [es-writer-3] {"i
2022-04-14 09:15:56,302 INFO com.internetitem.logback.elasticsearch.writer.LoggerWriter [es-writer-3] {"index":
2022-04-14 09:15:56,302 INFO com.internetitem.logback.elasticsearch.writer.LoggerWriter [es-writer-3] {"index":{"_index":"springboot-logs-2022-04-1
2022-04-14 09:15:56,302 INFO com.internetitem.logback.elasticsearch.writer.LoggerWriter [es-writer-3] {"index":{"_index":"springbo
2022-04-14 09:15:56,303 INFO com.internetitem.logback.elasticsearch.writer.LoggerWriter [es-writer-3] {"index":{"_ind
2022-04-14 09:15:56,303 INFO com.internetitem.logback.elasticsearch.writer.LoggerWriter [es-writer-3] {"index":
2022-04-14 09:15:56,303 INFO com.internetitem.logback.elasticsearch.writer.LoggerWriter [es-writer-3] {"in
2022-04-14 09:15:56,303 INFO com.internetitem.logback.elasticsearch.writer.LoggerWriter [es-writer-3] {"index":{"_inde
2022-04-14 09:15:56,303 INFO com.internetitem.logback.elasticsearch.writer.LoggerWriter [es-writer-3] {"i
2022-04-14 09:15:56,303 INFO com.internetitem.logback.elasticsearch.writer.LoggerWriter [es-writer-3] {"index":{"_index"
2022-04-14 09:15:56,303 INFO com.internetitem.logback.elasticsearch.writer.LoggerWriter [es-writer-3] {"i
2022-04-14 09:15:56,303 INFO com.internetitem.logback.elasticsearch.writer.LoggerWriter [es-writer-3] {"index":{"_ind
2022-04-14 09:15:56,303 INFO com.internetitem.logback.elasticsearch.writer.LoggerWriter [es-writer-3] {"i
2022-04-14 09:15:56,303 INFO com.internetitem.logback.elasticsearch.writer.LoggerWriter [es-writer-3] {"index":
2022-04-14 09:15:56,303 INFO com.internetitem.logback.elasticsearch.writer.LoggerWriter [es-writer-3] {"in
2022-04-14 09:15:56,303 INFO com.internetitem.logback.elasticsearch.writer.LoggerWriter [es-writer-3] {"index"
2022-04-14 09:15:56,303 INFO com.internetitem.logback.elasticsearch.writer.LoggerWriter [es-writer-3] {"index":{"_index":"springboot-logs-2022-04-14"}}
{"@timestamp":"2022-04-14T09:15:56.075-0400","message":"Trace Logging","arg3":"Como estas?","arg2":"Hola,","Input":"\"arg\"\"Como estas\"\"arg\"\"Hola\"\"arg
2022-04-14 09:15:56,304 INFO com.internetitem.logback.elasticsearch.writer.LoggerWriter [es-writer-3] {"index":{"_inde
2022-04-14 09:15:56,304 INFO com.internetitem.logback.elasticsearch.writer.LoggerWriter [es-writer-3] {"i
2022-04-14 09:15:56,304 INFO com.internetitem.logback.elasticsearch.writer.LoggerWriter [es-writer-3] {"index":{"_index"
2022-04-14 09:15:56,304 INFO com.internetitem.logback.elasticsearch.writer.LoggerWriter [es-writer-3] {"i
2022-04-14 09:15:56,304 INFO com.internetitem.logback.elasticsearch.writer.LoggerWriter [es-writer-3] {"index":{"_ind
2022-04-14 09:15:56,304 INFO com.internetitem.logback.elasticsearch.writer.LoggerWriter [es-writer-3] {"i
2022-04-14 09:15:56,305 INFO com.internetitem.logback.elasticsearch.writer.LoggerWriter [es-writer-3] {"index":
2022-04-14 09:15:56,305 INFO com.internetitem.logback.elasticsearch.writer.LoggerWriter [es-writer-3] {"index":{"_index":"springboot-logs-2022-04-14"}}
{"@timestamp":"2022-04-14T09:15:56.075-0400","message":"Trace Logging","arg3":"Como estas?","arg2":"Hola,","Input":"\"arg\"\"Como est
2022-04-14 09:19:32,668 ERROR com.logging.elasticsearch.appender.services.TransformServiceImpl [http-nio-8080-exec-5] Unexpected error on transformTrace
java.lang.NullPointerException: null
	at com.logging.elasticsearch.appender.services.TransformServiceImpl.transformTrace(TransformServiceImpl.java:24)
	at com.logging.elasticsearch.appender.controllers.LoggingSampleController.testLoggingTrace(LoggingSampleController.java:26)
	at java.base/jdk.internal.reflect.NativeMethodAccessorImpl.invoke0(Native Method)
	at java.base/jdk.internal.reflect.NativeMethodAccessorImpl.invoke(NativeMethodAccessorImpl.java:62)
	at java.base/jdk.internal.reflect.DelegatingMethodAccessorImpl.invoke(DelegatingMethodAccessorImpl.java:43)
	at java.base/java.lang.reflect.Method.invoke(Method.java:566)
	at org.springframework.web.method.support.InvocableHandlerMethod.doInvoke(InvocableHandlerMethod.java:205)
	at org.springframework.web.method.support.InvocableHandlerMethod.invokeForRequest(InvocableHandlerMethod.java:150)
	at org.springframework.web.servlet.mvc.method.annotation.ServletInvocableHandlerMethod.invokeAndHandle(ServletInvocableHandlerMethod.java:117)
	at org.springframework.web.servlet.mvc.method.annotation.RequestMappingHandlerAdapter.invokeHandlerMethod(RequestMappingHandlerAdapter.java:895)
	at org.springframework.web.servlet.mvc.method.annotation.RequestMappingHandlerAdapter.handleInternal(RequestMappingHandlerAdapter.java:808)
	at org.springframework.web.servlet.mvc.method.AbstractHandlerMethodAdapter.handle(AbstractHandlerMethodAdapter.java:87)
	at org.springframework.web.servlet.DispatcherServlet.doDispatch(DispatcherServlet.java:1067)
	at org.springframework.web.servlet.DispatcherServlet.doService(DispatcherServlet.java:963)
	at org.springframework.web.servlet.FrameworkServlet.processRequest(FrameworkServlet.java:1006)
	at org.springframework.web.servlet.FrameworkServlet.doPost(FrameworkServlet.java:909)
	at javax.servlet.http.HttpServlet.service(HttpServlet.java:681)
	at org.springframework.web.servlet.FrameworkServlet.service(FrameworkServlet.java:883)
	at javax.servlet.http.HttpServlet.service(HttpServlet.java:764)
	at org.apache.catalina.core.ApplicationFilterChain.internalDoFilter(ApplicationFilterChain.java:227)
	at org.apache.catalina.core.ApplicationFilterChain.doFilter(ApplicationFilterChain.java:162)
	at org.apache.tomcat.websocket.server.WsFilter.doFilter(WsFilter.java:53)
	at org.apache.catalina.core.ApplicationFilterChain.internalDoFilter(ApplicationFilterChain.java:189)
	at org.apache.catalina.core.ApplicationFilterChain.doFilter(ApplicationFilterChain.java:162)
	at org.springframework.web.filter.RequestContextFilter.doFilterInternal(RequestContextFilter.java:100)
	at org.springframework.web.filter.OncePerRequestFilter.doFilter(OncePerRequestFilter.java:117)
	at org.apache.catalina.core.ApplicationFilterChain.internalDoFilter(ApplicationFilterChain.java:189)
	at org.apache.catalina.core.ApplicationFilterChain.doFilter(ApplicationFilterChain.java:162)
	at org.springframework.web.filter.FormContentFilter.doFilterInternal(FormContentFilter.java:93)
	at org.springframework.web.filter.OncePerRequestFilter.doFilter(OncePerRequestFilter.java:117)
	at org.apache.catalina.core.ApplicationFilterChain.internalDoFilter(ApplicationFilterChain.java:189)
	at org.apache.catalina.core.ApplicationFilterChain.doFilter(ApplicationFilterChain.java:162)
	at org.springframework.web.filter.CharacterEncodingFilter.doFilterInternal(CharacterEncodingFilter.java:201)
	at org.springframework.web.filter.OncePerRequestFilter.doFilter(OncePerRequestFilter.java:117)
	at org.apache.catalina.core.ApplicationFilterChain.internalDoFilter(ApplicationFilterChain.java:189)
	at org.apache.catalina.core.ApplicationFilterChain.doFilter(ApplicationFilterChain.java:162)
	at org.apache.catalina.core.StandardWrapperValve.invoke(StandardWrapperValve.java:197)
	at org.apache.catalina.core.StandardContextValve.invoke(StandardContextValve.java:97)
	at org.apache.catalina.authenticator.AuthenticatorBase.invoke(AuthenticatorBase.java:541)
	at org.apache.catalina.core.StandardHostValve.invoke(StandardHostValve.java:135)
	at org.apache.catalina.valves.ErrorReportValve.invoke(ErrorReportValve.java:92)
	at org.apache.catalina.core.StandardEngineValve.invoke(StandardEngineValve.java:78)
	at org.apache.catalina.connector.CoyoteAdapter.service(CoyoteAdapter.java:360)
	at org.apache.coyote.http11.Http11Processor.service(Http11Processor.java:399)
	at org.apache.coyote.AbstractProcessorLight.process(AbstractProcessorLight.java:65)
	at org.apache.coyote.AbstractProtocol$ConnectionHandler.process(AbstractProtocol.java:889)
	at org.apache.tomcat.util.net.NioEndpoint$SocketProcessor.doRun(NioEndpoint.java:1743)
	at org.apache.tomcat.util.net.SocketProcessorBase.run(SocketProcessorBase.java:49)
	at org.apache.tomcat.util.threads.ThreadPoolExecutor.runWorker(ThreadPoolExecutor.java:1191)
	at org.apache.tomcat.util.threads.ThreadPoolExecutor$Worker.run(ThreadPoolExecutor.java:659)
	at org.apache.tomcat.util.threads.TaskThread$WrappingRunnable.run(TaskThread.java:61)
	at java.base/java.lang.Thread.run(Thread.java:829)
2022-04-14 09:19:32,670 TRACE com.logging.elasticsearch.appender.services.LogbackAggregationServiceImpl [http-nio-8080-exec-5] Trace Logging
2022-04-14 09:19:32,921 INFO com.internetitem.logback.elasticsearch.writer.LoggerWriter [es-writer-4] {"index":{"_index":"springboot-logs-2022-04-14"}}
{"@timestamp":"2022-04-14T09:19:32.668-0400","message":"Unexpected error on transformTrace","arg3":"Como estas?","arg2":"Hola,","Input":"{
2022-04-14 09:19:32,921 INFO com.internetitem.logback.elasticsearch.writer.LoggerWriter [es-writer-4] {"inde
2022-04-14 09:19:32,922 INFO com.internetitem.logback.elasticsearch.writer.LoggerWriter [es-writer-4] {"i
2022-04-14 09:19:32,923 INFO com.internetitem.logback.elasticsearch.writer.LoggerWriter [es-writer-4] {"index":{"_i
2022-04-14 09:19:32,924 INFO com.internetitem.logback.elasticsearch.writer.LoggerWriter [es-writer-4] {"i
2022-04-14 09:19:32,924 INFO com.internetitem.logback.elasticsearch.writer.LoggerWriter [es-writer-4] {"inde
2022-04-14 09:19:32,925 INFO com.internetitem.logback.elasticsearch.writer.LoggerWriter [es-writer-4] {"i
2022-04-14 09:19:32,926 INFO com.internetitem.logback.elasticsearch.writer.LoggerWriter [es-writer-4] {"index
2022-04-14 09:19:32,927 INFO com.internetitem.logback.elasticsearch.writer.LoggerWriter [es-writer-4] {"i
2022-04-14 09:19:32,928 INFO com.internetitem.logback.elasticsearch.writer.LoggerWriter [es-writer-4] {"inde
2022-04-14 09:19:32,929 INFO com.internetitem.logback.elasticsearch.writer.LoggerWriter [es-writer-4] {"index":{"_index":"springboot-logs-2022-04-14"}}

2022-04-14 09:19:32,930 INFO com.internetitem.logback.elasticsearch.writer.LoggerWriter [es-writer-4] {"index":{"_index":"springbo
2022-04-14 09:19:32,931 INFO com.internetitem.logback.elasticsearch.writer.LoggerWriter [es-writer-4] {"index":{"_index":"sp
2022-04-14 09:19:32,932 INFO com.internetitem.logback.elasticsearch.writer.LoggerWriter [es-writer-4] {"inde
2022-04-14 09:19:32,933 INFO com.internetitem.logback.elasticsearch.writer.LoggerWriter [es-writer-4] {"i
2022-04-14 09:19:32,934 INFO com.internetitem.logback.elasticsearch.writer.LoggerWriter [es-writer-4] {"index":{"_i
2022-04-14 09:19:32,935 INFO com.internetitem.logback.elasticsearch.writer.LoggerWriter [es-writer-4] {"i
2022-04-14 09:19:32,936 INFO com.internetitem.logback.elasticsearch.writer.LoggerWriter [es-writer-4] {"inde
2022-04-14 09:19:32,937 INFO com.internetitem.logback.elasticsearch.writer.LoggerWriter [es-writer-4] {"i
2022-04-14 09:19:32,938 INFO com.internetitem.logback.elasticsearch.writer.LoggerWriter [es-writer-4] {"index
2022-04-14 09:19:32,939 INFO com.internetitem.logback.elasticsearch.writer.LoggerWriter [es-writer-4] {"i
2022-04-14 09:19:32,940 INFO com.internetitem.logback.elasticsearch.writer.LoggerWriter [es-writer-4] {"inde
2022-04-14 09:19:32,943 INFO com.internetitem.logback.elasticsearch.writer.LoggerWriter [es-writer-4] {"index":{"_index":"springboot-logs-2022-04-14"}}
{"@timestamp":"2022-04-14T09:19:32.668-0400","message":"Unexpected error on transformTrace","arg3":"Como estas?","arg2":"Hola,","Input":"\"arg\"\"Como estas\"\"arg
2022-04-14 09:19:32,944 INFO com.internetitem.logback.elasticsearch.writer.LoggerWriter [es-writer-4] java.lang.NullPointerException: null
2022-04-14 09:19:32,951 INFO com.internetitem.logback.elasticsearch.writer.LoggerWriter [es-writer-4] ja
2022-04-14 09:19:32,952 INFO com.internetitem.logback.elasticsearch.writer.LoggerWriter [es-writer-4] java.lang.NullPointerException: nul\\tat com.logging.elasticsearch.appender.services.TransformServiceImpl.transfor
2022-04-14 09:19:32,952 INFO com.internetitem.logback.elasticsearch.writer.LoggerWriter [es-writer-4] ja
2022-04-14 09:19:32,953 INFO com.internetitem.logback.elasticsearch.writer.LoggerWriter [es-writer-4] java.lang.NullPointerException: nul\\tat com.logging.elasticsearch.appender.services.TransformServiceImpl.transformTrace(Tran
2022-04-14 09:19:32,953 INFO com.internetitem.logback.elasticsearch.writer.LoggerWriter [es-writer-4] ja
2022-04-14 09:19:32,953 INFO com.internetitem.logback.elasticsearch.writer.LoggerWriter [es-writer-4] java.lang.NullPointerException: nul\\tat com.logging.elasticsearch.appender.service
2022-04-14 09:19:32,954 INFO com.internetitem.logback.elasticsearch.writer.LoggerWriter [es-writer-4] ja
2022-04-14 09:19:32,954 INFO com.internetitem.logback.elasticsearch.writer.LoggerWriter [es-writer-4] java.lang.NullPointerException: nul\\tat com.logging.elasticsearch.appender.services.TransformService
2022-04-14 09:19:32,955 INFO com.internetitem.logback.elasticsearch.writer.LoggerWriter [es-writer-4] ja
2022-04-14 09:19:32,955 INFO com.internetitem.logback.elasticsearch.writer.LoggerWriter [es-writer-4] java.lang.NullPointerException: nul\\tat com.logging.elasticsearch.appender.services.TransformServiceImpl.tra
2022-04-14 09:19:32,955 INFO com.internetitem.logback.elasticsearch.writer.LoggerWriter [es-writer-4] ja
2022-04-14 09:19:32,955 INFO com.internetitem.logback.elasticsearch.writer.LoggerWriter [es-writer-4] java.lang.NullPointerException: nul\\tat com.logging.elasticsea
2022-04-14 09:19:32,956 INFO com.internetitem.logback.elasticsearch.writer.LoggerWriter [es-writer-4] ja
2022-04-14 09:19:32,956 INFO com.internetitem.logback.elasticsearch.writer.LoggerWriter [es-writer-4] java.lang.NullPointerException: nul\\tat com.logging.elasticsearch.appender.services.TransformServiceImpl.tr
2022-04-14 09:19:32,957 INFO com.internetitem.logback.elasticsearch.writer.LoggerWriter [es-writer-4] ja
2022-04-14 09:19:32,957 INFO com.internetitem.logback.elasticsearch.writer.LoggerWriter [es-writer-4] java.lang.NullPointerException: nul\\tat com.logging.elasticsearch.appender.services.TransformServiceImpl.transformT
2022-04-14 09:19:32,958 INFO com.internetitem.logback.elasticsearch.writer.LoggerWriter [es-writer-4] ja
2022-04-14 09:19:32,958 INFO com.internetitem.logback.elasticsearch.writer.LoggerWriter [es-writer-4] java.lang.NullPointerException: nul\\tat com.logging.elasticsearch.appender.services.TransformServiceImpl.transformTrace(TransformServiceImpl.ja
2022-04-14 09:19:32,959 INFO com.internetitem.logback.elasticsearch.writer.LoggerWriter [es-writer-4] ja
2022-04-14 09:19:32,959 INFO com.internetitem.logback.elasticsearch.writer.LoggerWriter [es-writer-4] java.lang.NullPointerException: nul\\tat com.logging.elasticsearch.appender.services.TransformServiceImpl.transformTrace(TransformServiceImpl.java
2022-04-14 09:19:32,960 INFO com.internetitem.logback.elasticsearch.writer.LoggerWriter [es-writer-4] ja
2022-04-14 09:19:32,961 INFO com.internetitem.logback.elasticsearch.writer.LoggerWriter [es-writer-4] java.lang.NullPointerException: nul\\tat com.logging.elasticsearch.appender.services.TransformServiceImpl.transformTrace(TransformServiceImpl
2022-04-14 09:19:32,962 INFO com.internetitem.logback.elasticsearch.writer.LoggerWriter [es-writer-4] ja
2022-04-14 09:19:32,962 INFO com.internetitem.logback.elasticsearch.writer.LoggerWriter [es-writer-4] java.lang.NullPointerException: nul\\tat com.logging.elasticsearch.appender.services.TransformServiceImpl.transformTrace(
2022-04-14 09:19:32,962 INFO com.internetitem.logback.elasticsearch.writer.LoggerWriter [es-writer-4] ja
2022-04-14 09:19:32,963 INFO com.internetitem.logback.elasticsearch.writer.LoggerWriter [es-writer-4] java.lang.NullPointerException: nul\\tat com.logging.elasticsearch.appender.services.Transform
2022-04-14 09:19:32,964 INFO com.internetitem.logback.elasticsearch.writer.LoggerWriter [es-writer-4] ja
2022-04-14 09:19:32,965 INFO com.internetitem.logback.elasticsearch.writer.LoggerWriter [es-writer-4] java.lang.NullPointerException: nul\\tat com.logging.elasticsearch.appender.services.Transfo
2022-04-14 09:19:32,965 INFO com.internetitem.logback.elasticsearch.writer.LoggerWriter [es-writer-4] ja
2022-04-14 09:19:32,965 INFO com.internetitem.logback.elasticsearch.writer.LoggerWriter [es-writer-4] java.lang.NullPointerException: nul\\tat com.logging.elasticsearch.appender.services.TransformSe
2022-04-14 09:19:32,966 INFO com.internetitem.logback.elasticsearch.writer.LoggerWriter [es-writer-4] ja
2022-04-14 09:19:32,966 INFO com.internetitem.logback.elasticsearch.writer.LoggerWriter [es-writer-4] java.lang.NullPointerException: nul\\tat com.logging.elasticsearch.appender.services.Tr
2022-04-14 09:19:32,966 INFO com.internetitem.logback.elasticsearch.writer.LoggerWriter [es-writer-4] ja
2022-04-14 09:19:32,966 INFO com.internetitem.logback.elasticsearch.writer.LoggerWriter [es-writer-4] java.lang.NullPointerException: nul\\tat com.logging.elasticsearc
2022-04-14 09:19:32,966 INFO com.internetitem.logback.elasticsearch.writer.LoggerWriter [es-writer-4] ja
2022-04-14 09:19:32,966 INFO com.internetitem.logback.elasticsearch.writer.LoggerWriter [es-writer-4] java.lang.NullPointerException: nul\\tat com.logging.elasticsearch.appender.services.Tra
2022-04-14 09:19:32,967 INFO com.internetitem.logback.elasticsearch.writer.LoggerWriter [es-writer-4] ja
2022-04-14 09:19:32,967 INFO com.internetitem.logback.elasticsearch.writer.LoggerWriter [es-writer-4] java.lang.NullPointerException: nul\\tat com.logging.elasticsearc
2022-04-14 09:19:32,967 INFO com.internetitem.logback.elasticsearch.writer.LoggerWriter [es-writer-4] ja
2022-04-14 09:19:32,968 INFO com.internetitem.logback.elasticsearch.writer.LoggerWriter [es-writer-4] java.lang.NullPointerException: nul\\tat com.logging.elasticsearch.appender.services.TransformServiceI
2022-04-14 09:19:32,968 INFO com.internetitem.logback.elasticsearch.writer.LoggerWriter [es-writer-4] ja
2022-04-14 09:19:32,968 INFO com.internetitem.logback.elasticsearch.writer.LoggerWriter [es-writer-4] java.lang.NullPointerException: nul\\tat com.logging.elasticsearch.appender.services.Transform
2022-04-14 09:19:32,968 INFO com.internetitem.logback.elasticsearch.writer.LoggerWriter [es-writer-4] ja
2022-04-14 09:19:32,969 INFO com.internetitem.logback.elasticsearch.writer.LoggerWriter [es-writer-4] java.lang.NullPointerException: nul\\tat com.logging.elasticsearch.appender
2022-04-14 09:19:32,969 INFO com.internetitem.logback.elasticsearch.writer.LoggerWriter [es-writer-4] ja
2022-04-14 09:19:32,969 INFO com.internetitem.logback.elasticsearch.writer.LoggerWriter [es-writer-4] java.lang.NullPointerException: nul\\tat com.logging.elasticsearch.appender.services.TransformServiceI
2022-04-14 09:19:32,969 INFO com.internetitem.logback.elasticsearch.writer.LoggerWriter [es-writer-4] ja
2022-04-14 09:19:32,970 INFO com.internetitem.logback.elasticsearch.writer.LoggerWriter [es-writer-4] java.lang.NullPointerException: nul\\tat com.logging.elasticsearch.appender.services.Transform
2022-04-14 09:19:32,970 INFO com.internetitem.logback.elasticsearch.writer.LoggerWriter [es-writer-4] ja
2022-04-14 09:19:32,970 INFO com.internetitem.logback.elasticsearch.writer.LoggerWriter [es-writer-4] java.lang.NullPointerException: nul\\tat com.logging.elasticsearch.appender.services.TransformServiceImp
2022-04-14 09:19:32,970 INFO com.internetitem.logback.elasticsearch.writer.LoggerWriter [es-writer-4] ja
2022-04-14 09:19:32,970 INFO com.internetitem.logback.elasticsearch.writer.LoggerWriter [es-writer-4] java.lang.NullPointerException: nul\\tat com.logging.elasticsearch.appender.services.TransformSe
2022-04-14 09:19:32,970 INFO com.internetitem.logback.elasticsearch.writer.LoggerWriter [es-writer-4] ja
2022-04-14 09:19:32,971 INFO com.internetitem.logback.elasticsearch.writer.LoggerWriter [es-writer-4] java.lang.NullPointerException: nul\\tat com.logging.elasticsearch.appender.services.TransformServiceI
2022-04-14 09:19:32,971 INFO com.internetitem.logback.elasticsearch.writer.LoggerWriter [es-writer-4] ja
2022-04-14 09:19:32,971 INFO com.internetitem.logback.elasticsearch.writer.LoggerWriter [es-writer-4] java.lang.NullPointerException: nul\\tat com.logging.elasticsearch.appender.services.Transform
2022-04-14 09:19:32,971 INFO com.internetitem.logback.elasticsearch.writer.LoggerWriter [es-writer-4] ja
2022-04-14 09:19:32,971 INFO com.internetitem.logback.elasticsearch.writer.LoggerWriter [es-writer-4] java.lang.NullPointerException: nul\\tat com.logging.elasticsearch.appender.services.TransformSer
2022-04-14 09:19:32,971 INFO com.internetitem.logback.elasticsearch.writer.LoggerWriter [es-writer-4] ja
2022-04-14 09:19:32,972 INFO com.internetitem.logback.elasticsearch.writer.LoggerWriter [es-writer-4] java.lang.NullPointerException: nul\\tat com.logging.elasticsearch.appender.services.TransformSe
2022-04-14 09:19:32,972 INFO com.internetitem.logback.elasticsearch.writer.LoggerWriter [es-writer-4] ja
2022-04-14 09:19:32,972 INFO com.internetitem.logback.elasticsearch.writer.LoggerWriter [es-writer-4] java.lang.NullPointerException: nul\\tat com.logging.elasticsearch.appender.services.TransformServiceI
2022-04-14 09:19:32,972 INFO com.internetitem.logback.elasticsearch.writer.LoggerWriter [es-writer-4] ja
2022-04-14 09:19:32,972 INFO com.internetitem.logback.elasticsearch.writer.LoggerWriter [es-writer-4] java.lang.NullPointerException: nul\\tat com.logging.elasticsearch.appender.services.Transform
2022-04-14 09:19:32,973 INFO com.internetitem.logback.elasticsearch.writer.LoggerWriter [es-writer-4] ja
2022-04-14 09:19:32,973 INFO com.internetitem.logback.elasticsearch.writer.LoggerWriter [es-writer-4] java.lang.NullPointerException: nul\\tat com.logging.elasticsearch.appender.services.TransformServiceImpl.tran
2022-04-14 09:19:32,973 INFO com.internetitem.logback.elasticsearch.writer.LoggerWriter [es-writer-4] ja
2022-04-14 09:19:32,973 INFO com.internetitem.logback.elasticsearch.writer.LoggerWriter [es-writer-4] java.lang.NullPointerException: nul\\tat com.logging.elasticsearch.appender.services.TransformSe
2022-04-14 09:19:32,974 INFO com.internetitem.logback.elasticsearch.writer.LoggerWriter [es-writer-4] ja
2022-04-14 09:19:32,974 INFO com.internetitem.logback.elasticsearch.writer.LoggerWriter [es-writer-4] java.lang.NullPointerException: nul\\tat com.logging.elasticsearch.appender.services.TransformServiceI
2022-04-14 09:19:32,974 INFO com.internetitem.logback.elasticsearch.writer.LoggerWriter [es-writer-4] ja
2022-04-14 09:19:32,974 INFO com.internetitem.logback.elasticsearch.writer.LoggerWriter [es-writer-4] java.lang.NullPointerException: nul\\tat com.logging.elasticsearch.appender.services.Transform
2022-04-14 09:19:32,974 INFO com.internetitem.logback.elasticsearch.writer.LoggerWriter [es-writer-4] ja
2022-04-14 09:19:32,974 INFO com.internetitem.logback.elasticsearch.writer.LoggerWriter [es-writer-4] java.lang.NullPointerException: nul\\tat com.logging.elasticsearch.appender.services.Tra
2022-04-14 09:19:32,975 INFO com.internetitem.logback.elasticsearch.writer.LoggerWriter [es-writer-4] ja
2022-04-14 09:19:32,975 INFO com.internetitem.logback.elasticsearch.writer.LoggerWriter [es-writer-4] java.lang.NullPointerException: nul\\tat com.logging.elasticsearch.appender.services.Tr
2022-04-14 09:19:32,975 INFO com.internetitem.logback.elasticsearch.writer.LoggerWriter [es-writer-4] ja
2022-04-14 09:19:32,975 INFO com.internetitem.logback.elasticsearch.writer.LoggerWriter [es-writer-4] java.lang.NullPointerException: nul\\tat com.logging.elasticsearch.appender.services.Transf
2022-04-14 09:19:32,975 INFO com.internetitem.logback.elasticsearch.writer.LoggerWriter [es-writer-4] ja
2022-04-14 09:19:32,976 INFO com.internetitem.logback.elasticsearch.writer.LoggerWriter [es-writer-4] java.lang.NullPointerException: nul\\tat com.logging.elasticsearch.appender.servic
2022-04-14 09:19:32,976 INFO com.internetitem.logback.elasticsearch.writer.LoggerWriter [es-writer-4] ja
2022-04-14 09:19:32,977 INFO com.internetitem.logback.elasticsearch.writer.LoggerWriter [es-writer-4] java
2022-04-14 09:19:32,977 INFO com.internetitem.logback.elasticsearch.writer.LoggerWriter [es-writer-4]  org.apache.catalina.valves.ErrorReportValve.invoke(ErrorReportValve.java:92)
2022-04-14 09:19:32,977 INFO com.internetitem.logback.elasticsearch.writer.LoggerWriter [es-writer-4]  o
2022-04-14 09:19:32,977 INFO com.internetitem.logback.elasticsearch.writer.LoggerWriter [es-writer-4]  org.apache.catalina.valves.ErrorReportValve.invoke(ErrorReportValve.java:92\\tat org
2022-04-14 09:19:32,977 INFO com.internetitem.logback.elasticsearch.writer.LoggerWriter [es-writer-4]  o
2022-04-14 09:19:32,977 INFO com.internetitem.logback.elasticsearch.writer.LoggerWriter [es-writer-4]  org.apache.catalina.valves.ErrorReportValve.invoke(ErrorReportValve.java:92\\ta
2022-04-14 09:19:32,978 INFO com.internetitem.logback.elasticsearch.writer.LoggerWriter [es-writer-4]  o
2022-04-14 09:19:32,978 INFO com.internetitem.logback.elasticsearch.writer.LoggerWriter [es-writer-4]  org.apache.catalina.valves.ErrorReportValve.invoke(ErrorReportValve.java:92\\t
2022-04-14 09:19:32,978 INFO com.internetitem.logback.elasticsearch.writer.LoggerWriter [es-writer-4]  o
2022-04-14 09:19:32,978 INFO com.internetitem.logback.elasticsearch.writer.LoggerWriter [es-writer-4]  org.apache.catalina.valves.ErrorReportValve.invoke(ErrorReportValve.java:92\\tat org
2022-04-14 09:19:32,978 INFO com.internetitem.logback.elasticsearch.writer.LoggerWriter [es-writer-4]  o
2022-04-14 09:19:32,978 INFO com.internetitem.logback.elasticsearch.writer.LoggerWriter [es-writer-4]  org.apache.catalina.valves.ErrorReportValve.invoke(ErrorReportValve.java:92\\tat org.apache
2022-04-14 09:19:32,978 INFO com.internetitem.logback.elasticsearch.writer.LoggerWriter [es-writer-4]  o
2022-04-14 09:19:32,979 INFO com.internetitem.logback.elasticsearch.writer.LoggerWriter [es-writer-4]  org.apache.catalina.valves.ErrorReportValve.invoke(ErrorReportValve.java:92\\tat org.ap
2022-04-14 09:19:32,979 INFO com.internetitem.logback.elasticsearch.writer.LoggerWriter [es-writer-4]  o
2022-04-14 09:19:32,979 INFO com.internetitem.logback.elasticsearch.writer.LoggerWriter [es-writer-4]  org.apache.catalina.valves.ErrorReportValve.invoke(ErrorReportValve.java:92\\tat or
2022-04-14 09:19:32,979 INFO com.internetitem.logback.elasticsearch.writer.LoggerWriter [es-writer-4]  o
2022-04-14 09:19:32,979 INFO com.internetitem.logback.elasticsearch.writer.LoggerWriter [es-writer-4]  org.apache.catalina.valves.ErrorReportValve.invoke(ErrorReportValve.java:92\\tat org.apache.c
2022-04-14 09:19:32,979 INFO com.internetitem.logback.elasticsearch.writer.LoggerWriter [es-writer-4]  o
2022-04-14 09:19:32,980 INFO com.internetitem.logback.elasticsearch.writer.LoggerWriter [es-writer-4]  org.apache.catalina.valves.ErrorReportValve.invoke(ErrorReportValve.java:92\\tat org.apache.c
2022-04-14 09:19:32,980 INFO com.internetitem.logback.elasticsearch.writer.LoggerWriter [es-writer-4]  o
2022-04-14 09:19:32,980 INFO com.internetitem.logback.elasticsearch.writer.LoggerWriter [es-writer-4]  org.apache.catalina.valves.ErrorReportValve.invoke(ErrorReportValve.java:92\\tat org.a
2022-04-14 09:19:32,980 INFO com.internetitem.logback.elasticsearch.writer.LoggerWriter [es-writer-4]  o
2022-04-14 09:19:32,980 INFO com.internetitem.logback.elasticsearch.writer.LoggerWriter [es-writer-4]  org.apache.catalina.valves.ErrorReportValve.invoke(
2022-04-14 09:19:32,981 INFO com.internetitem.logback.elasticsearch.writer.LoggerWriter [es-writer-4] \n
2022-04-14 09:19:32,985 INFO com.internetitem.logback.elasticsearch.writer.LoggerWriter [es-writer-4] ","logger":"com.logging.elasticsearch.appender.services.LogbackAggregationServiceImpl"}
{"index":{"_index":"springboot-logs-2022-04-14"}}
{"@timestamp":"2022-04-14T09:19:32.670-0400","message":"Trace Logging","code":"123456789-123456789","appName":"
2022-04-14 09:19:32,985 INFO com.internetitem.logback.elasticsearch.writer.LoggerWriter [es-writer-4] ","logger":"com.logging.elas
2022-04-14 09:19:32,985 INFO com.internetitem.logback.elasticsearch.writer.LoggerWriter [es-writer-4] ","logger":"com.loggin
2022-04-14 09:19:32,986 INFO com.internetitem.logback.elasticsearch.writer.LoggerWriter [es-writer-4] ","log
2022-04-14 09:19:32,986 INFO com.internetitem.logback.elasticsearch.writer.LoggerWriter [es-writer-4] ","
2022-04-14 09:19:32,986 INFO com.internetitem.logback.elasticsearch.writer.LoggerWriter [es-writer-4] ","logger":"c
2022-04-14 09:19:32,986 INFO com.internetitem.logback.elasticsearch.writer.LoggerWriter [es-writer-4] ","
2022-04-14 09:19:32,986 INFO com.internetitem.logback.elasticsearch.writer.LoggerWriter [es-writer-4] ","log
2022-04-14 09:19:32,986 INFO com.internetitem.logback.elasticsearch.writer.LoggerWriter [es-writer-4] ","
2022-04-14 09:19:32,987 INFO com.internetitem.logback.elasticsearch.writer.LoggerWriter [es-writer-4] ","logg
2022-04-14 09:19:32,987 INFO com.internetitem.logback.elasticsearch.writer.LoggerWriter [es-writer-4] ","
2022-04-14 09:19:32,987 INFO com.internetitem.logback.elasticsearch.writer.LoggerWriter [es-writer-4] ","log
2022-04-14 09:19:32,987 INFO com.internetitem.logback.elasticsearch.writer.LoggerWriter [es-writer-4] ","logger":"com.logging.elasticsearch.appender.services.LogbackAggregationServiceImpl"}
{"index":{"_index":"springboot-logs-2022-04-14"}}
{"@timestamp"
2022-04-14 09:19:32,987 INFO com.internetitem.logback.elasticsearch.writer.LoggerWriter [es-writer-4] ","log
2022-04-14 09:19:32,987 INFO com.internetitem.logback.elasticsearch.writer.LoggerWriter [es-writer-4] ","
2022-04-14 09:19:32,987 INFO com.internetitem.logback.elasticsearch.writer.LoggerWriter [es-writer-4] ","logger":"c
2022-04-14 09:19:32,988 INFO com.internetitem.logback.elasticsearch.writer.LoggerWriter [es-writer-4] ","
2022-04-14 09:19:32,988 INFO com.internetitem.logback.elasticsearch.writer.LoggerWriter [es-writer-4] ","log
2022-04-14 09:19:32,988 INFO com.internetitem.logback.elasticsearch.writer.LoggerWriter [es-writer-4] ","
2022-04-14 09:19:32,988 INFO com.internetitem.logback.elasticsearch.writer.LoggerWriter [es-writer-4] ","logg
2022-04-14 09:19:32,988 INFO com.internetitem.logback.elasticsearch.writer.LoggerWriter [es-writer-4] ","
2022-04-14 09:19:32,988 INFO com.internetitem.logback.elasticsearch.writer.LoggerWriter [es-writer-4] ","log
2022-04-14 09:19:32,988 INFO com.internetitem.logback.elasticsearch.writer.LoggerWriter [es-writer-4] ","logger":"com.loggi
2022-04-14 09:19:32,988 INFO com.internetitem.logback.elasticsearch.writer.LoggerWriter [es-writer-4] ","logger
2022-04-14 09:19:32,989 INFO com.internetitem.logback.elasticsearch.writer.LoggerWriter [es-writer-4] ","logge
2022-04-14 09:19:32,989 INFO com.internetitem.logback.elasticsearch.writer.LoggerWriter [es-writer-4] ","logge
2022-04-14 09:19:32,989 INFO com.internetitem.logback.elasticsearch.writer.LoggerWriter [es-writer-4] ","l
2022-04-14 09:19:32,989 INFO com.internetitem.logback.elasticsearch.writer.LoggerWriter [es-writer-4] ","logger
2022-04-14 09:19:32,989 INFO com.internetitem.logback.elasticsearch.writer.LoggerWriter [es-writer-4] ","logger":"com.logging.elasticsearch.appender.services.LogbackAggregationServiceImpl"}
{"index":{"_index":"springboot-logs-2022-
2022-04-14 09:19:32,989 INFO com.internetitem.logback.elasticsearch.writer.LoggerWriter [es-writer-4] ","logger
2022-04-14 09:19:32,990 INFO com.internetitem.logback.elasticsearch.writer.LoggerWriter [es-writer-4] ","logger":"com.logging.elasticsearch.appender.services.LogbackAggregationServiceImpl"}
{"index":{"_index":"springboot-logs-2022-04-14"}}
{"@timestamp":"2022-04-14T09:19:32
