2022-04-20 06:56:28,585 INFO org.springframework.boot.StartupInfoLogger [main] Starting AppenderApplication using Java 17.0.2 on Infraestructura with PID 75864 (C:\Users\lizeth.ovando\Documents\projects\logging-springboot-elasticseach\target\classes started by lizeth.ovando in C:\Users\lizeth.ovando\Documents\projects\logging-springboot-elasticseach)
2022-04-20 06:56:28,592 DEBUG org.springframework.boot.StartupInfoLogger [main] Running with Spring Boot v2.6.6, Spring v5.3.18
2022-04-20 06:56:28,593 INFO org.springframework.boot.SpringApplication [main] No active profile set, falling back to 1 default profile: "default"
2022-04-20 06:56:28,844 INFO com.internetitem.logback.elasticsearch.writer.LoggerWriter [es-writer-1] {"index":{"_index":"springboot-logs-2022-04-20"}}
{"@timestamp":"2022-04-20T06:56:28.585-0400","message":"Starting AppenderApplication using Java 17.0.2 on Infraestructura with PID 75864 (C:
2022-04-20 06:56:28,845 INFO com.internetitem.logback.elasticsearch.writer.LoggerWriter [es-writer-1] {"index
2022-04-20 06:56:28,846 INFO com.internetitem.logback.elasticsearch.writer.LoggerWriter [es-writer-1] {"index":{"_ind
2022-04-20 06:56:28,846 INFO com.internetitem.logback.elasticsearch.writer.LoggerWriter [es-writer-1] {"index":{"
2022-04-20 06:56:28,846 INFO com.internetitem.logback.elasticsearch.writer.LoggerWriter [es-writer-1] {"index":{
2022-04-20 06:56:28,846 INFO com.internetitem.logback.elasticsearch.writer.LoggerWriter [es-writer-1] {"index":{"_index":"springboot-lo
2022-04-20 06:56:28,846 INFO com.internetitem.logback.elasticsearch.writer.LoggerWriter [es-writer-1] {"index"
2022-04-20 06:56:28,847 INFO com.internetitem.logback.elasticsearch.writer.LoggerWriter [es-writer-1] {"index":{"_index":"springboot-logs-2022
2022-04-20 06:56:28,847 INFO com.internetitem.logback.elasticsearch.writer.LoggerWriter [es-writer-1] {"index
2022-04-20 06:56:28,847 INFO com.internetitem.logback.elasticsearch.writer.LoggerWriter [es-writer-1] {"index":{"_ind
2022-04-20 06:56:28,848 INFO com.internetitem.logback.elasticsearch.writer.LoggerWriter [es-writer-1] {"index":{"
2022-04-20 06:56:28,848 INFO com.internetitem.logback.elasticsearch.writer.LoggerWriter [es-writer-1] {"index":{
2022-04-20 06:56:28,849 INFO com.internetitem.logback.elasticsearch.writer.LoggerWriter [es-writer-1] {"index":{"_index":"springboot-logs-2022-04-20"}}
{"@timestamp":"2022-04-20T06:56:28.585-0400","message":"Starting AppenderApplication using Java 17.0.2 on Infraestructura with PID 75864 (C\\User\\lizeth.ovand\\Document\\project\\logging-springboot-elasticseac\\targe\\classes started by lizeth.ovando in C\\User\\lizeth.ovand\\Document\\project\\logging-springboot-elasticseach)","host":"Infraestructura","severity":"INFO","thread":"main","logger":"com.logging.elasticsearch.appender.AppenderApplication"}
{"index":{"_index":"springboot-logs-2022-04-20"}}
{"@timestamp":"2022-04-20T06:56:28.592-0400","messa
2022-04-20 06:56:28,849 INFO com.internetitem.logback.elasticsearch.writer.LoggerWriter [es-writer-1] {"index":
2022-04-20 06:56:28,850 INFO com.internetitem.logback.elasticsearch.writer.LoggerWriter [es-writer-1] {"index":{"_index":"springboot-logs-2022-04-20"}}
{"@timestamp":"2022-04-20T06:56:28.585-0400","message":"Starting AppenderApplica
2022-04-20 06:56:30,315 INFO org.springframework.boot.web.embedded.tomcat.TomcatWebServer [main] Tomcat initialized with port(s): 8080 (http)
2022-04-20 06:56:30,325 INFO org.apache.juli.logging.DirectJDKLog [main] Initializing ProtocolHandler ["http-nio-8080"]
2022-04-20 06:56:30,326 INFO org.apache.juli.logging.DirectJDKLog [main] Starting service [Tomcat]
2022-04-20 06:56:30,326 INFO org.apache.juli.logging.DirectJDKLog [main] Starting Servlet engine: [Apache Tomcat/9.0.60]
2022-04-20 06:56:30,657 INFO org.apache.juli.logging.DirectJDKLog [main] Initializing Spring embedded WebApplicationContext
2022-04-20 06:56:30,658 INFO org.springframework.boot.web.servlet.context.ServletWebServerApplicationContext [main] Root WebApplicationContext: initialization completed in 1814 ms
2022-04-20 06:56:31,509 INFO org.apache.juli.logging.DirectJDKLog [main] Starting ProtocolHandler ["http-nio-8080"]
2022-04-20 06:56:31,514 WARN org.springframework.context.support.AbstractApplicationContext [main] Exception encountered during context initialization - cancelling refresh attempt: org.springframework.context.ApplicationContextException: Failed to start bean 'webServerStartStop'; nested exception is org.springframework.boot.web.server.PortInUseException: Port 8080 is already in use
2022-04-20 06:56:31,518 INFO org.apache.juli.logging.DirectJDKLog [main] Pausing ProtocolHandler ["http-nio-8080"]
2022-04-20 06:56:31,518 INFO org.apache.juli.logging.DirectJDKLog [main] Stopping service [Tomcat]
2022-04-20 06:56:31,523 INFO org.apache.juli.logging.DirectJDKLog [main] Stopping ProtocolHandler ["http-nio-8080"]
2022-04-20 06:56:31,524 INFO org.apache.juli.logging.DirectJDKLog [main] Destroying ProtocolHandler ["http-nio-8080"]
2022-04-20 06:56:31,532 INFO org.springframework.boot.autoconfigure.logging.ConditionEvaluationReportLoggingListener [main] 

Error starting ApplicationContext. To display the conditions report re-run your application with 'debug' enabled.
2022-04-20 06:56:31,586 ERROR org.springframework.boot.diagnostics.LoggingFailureAnalysisReporter [main] 

***************************
APPLICATION FAILED TO START
***************************

Description:

Web server failed to start. Port 8080 was already in use.

Action:

Identify and stop the process that's listening on port 8080 or configure this application to listen on another port.

2022-04-20 06:56:49,858 WARN com.internetitem.logback.elasticsearch.util.ErrorReporter [es-writer-1] Failed to send events to Elasticsearch: Connection timed out: no further information
2022-04-20 06:56:50,109 INFO com.internetitem.logback.elasticsearch.writer.LoggerWriter [es-writer-1] {"index":{"_index":"springboot-logs-2022-04-20"}}
{"@timestamp":"2022-04-20T06:56:30.315-0400","message":"Tomcat initialized with port(s): 8080 (http)","host":"Infraestructura","severity":"INFO","thread":"main","logger":"org.springframework.boot.web.embedded.tomcat.TomcatWebServer"}
{"index":{"_index":"springboot-logs-2022-04-20"}}
{"@timestamp":"2022-04-20T06:56:30.325-0400","message":"Initializing ProtocolHandler [
2022-04-20 06:56:50,109 INFO com.internetitem.logback.elasticsearch.writer.LoggerWriter [es-writer-1] {"index":{"_ind
2022-04-20 06:56:50,110 INFO com.internetitem.logback.elasticsearch.writer.LoggerWriter [es-writer-1] {"index":{"_index":"springboot-logs-2022-04-20"}}
{"@timestamp":"2022-04-20T06:56:30.315-0400","message":"Tomcat initialized with port(s): 8080 (http)","host":"Infraestructura","severity":"INFO","thread":"main","logger":"org.springframework.boot.web.embedded.tomcat.TomcatWebServer"}
{"index":{"_index":"springboot-logs-2022-04-20"}}
{"@timestamp":"2022-04-20T06:56:30.325-0400","message":"Initializing ProtocolHandler \"http-nio-808\"]","host":"Infraestructura","severity":"INFO","thread":"main","logger":"org.apache.coyote.http11.Http11NioProtocol"}
{"index":{"_index":"springboot-logs-2022-04-20"}}
{"@timestamp":"2022-04-20T06:56:30.326-0400","message":"Starting service [Tomcat]","host":"Infraestructura","severity":"INFO","thread":"main","logger":"org.apache.catalina.core.StandardService"}
{"index":{"_index":"springboot-logs-2022-04-20"}}
{"@timestamp":"2022-04-20T06:56:30.326-0400","message":"Starting Servlet engine: [Apache Tomcat/9.0.60]","host":"Infraestructura","severity":"INFO","thread":"main","logger":"org.apache.catalina.core.StandardEngine"}
{"index":{"_index":"springboot-logs-2022-04-20"}}
{"@timestamp":"2022-04-20T06:56:30.657-0400","message":"Initializing Spring embedded WebApplicationContext","host":"Infraestructura","severity":"INFO","thread":"main","logger":"org.apache.catalina.core.ContainerBase.[Tomcat].[localhost].[/]"}
{"index":{"_index":"s
2022-04-20 06:56:50,110 INFO com.internetitem.logback.elasticsearch.writer.LoggerWriter [es-writer-1] {"index":{"_ind
2022-04-20 06:56:50,110 INFO com.internetitem.logback.elasticsearch.writer.LoggerWriter [es-writer-1] {"index":{"_index":"springboot-logs-2022-04-20"}}
{"@timestamp":"2022-04-20T06:56:30.315-0400","message":"Tomcat initialized with port(s): 8080 (http)","host":"Infraestructura","severity":"INFO","thread":"main","logger":"org.springframework.boot.web.embedded.tomcat.TomcatWebServer"}
{"index":{"_index":"springboot-logs-2022-04-20"}}
{"@timestamp":"2022-04-20T06:56:30.325-0400","message":"Initializing ProtocolHandler \"http-nio-808\"]","host":"Infraestructura","severity":"INFO","thread":"main","logger":"org.apache.coyote.http11.Http11NioProtocol"}
{"index":{"_index":"springboot-logs-2022-04-20"}}
{"@timestamp":"2022-04-20T06:56:30.326-0400","message":"Starting service [Tomcat]","host":"Infraestructura","severity":"INFO","thread":"main","logger":"org.apache.catalina.core.StandardService"}
{"index":{"_i
2022-04-20 06:56:50,111 INFO com.internetitem.logback.elasticsearch.writer.LoggerWriter [es-writer-1] {"index":{"_ind
2022-04-20 06:56:50,111 INFO com.internetitem.logback.elasticsearch.writer.LoggerWriter [es-writer-1] {"index":{"_index":"springboot-logs-2022-04-20"}}
{"@timestamp":"2022-04-20T06:56:30.315-0400","message":"Tomcat initialized with port(s): 8080 (http)","host":"Infraestructura","severity":"INFO","thread":"main","logger":"org.springframework.boot.web.embedded.tomcat.TomcatWebServer"}
{"index":{"_index":"springboot-logs-2022-04-20"}}
{"@timestamp":"2022-04-20T06:56:30.325-0400","message":"Initializing ProtocolHandler \"http-nio-808\"]","host":"Infraestructura","severity":"INFO","thread":"main"
2022-04-20 06:56:50,111 INFO com.internetitem.logback.elasticsearch.writer.LoggerWriter [es-writer-1] {"index":{"_ind
2022-04-20 06:56:50,111 INFO com.internetitem.logback.elasticsearch.writer.LoggerWriter [es-writer-1] {"index":{"_index":"springboot-logs-2022-04-20"}}
{"@timestamp":"2022-04-20T06:56:30.315-0400","message":"Tomcat initialized with port(s): 8080 (http)","host":"Infraestructura","severity":"INFO","thread":"main","logger":"org.springframework.boot.web.emb
2022-04-20 06:56:50,112 INFO com.internetitem.logback.elasticsearch.writer.LoggerWriter [es-writer-1] {"index":{"_ind
2022-04-20 06:56:50,112 INFO com.internetitem.logback.elasticsearch.writer.LoggerWriter [es-writer-1] {"index":{"_index":"springboot-logs-2022-04-20"}}
{"@timestamp":"2022-04-20T06:56:30.315-0400","message":"Tomcat initialized with port(s): 8080 (http)","host":"Infraestructura","severity":"INFO","thread":"main","logger":"org.
2022-04-20 06:56:50,112 INFO com.internetitem.logback.elasticsearch.writer.LoggerWriter [es-writer-1] {"
2022-04-20 06:56:50,112 INFO com.internetitem.logback.elasticsearch.writer.LoggerWriter [es-writer-1] {"
2022-04-20 06:56:50,112 INFO com.internetitem.logback.elasticsearch.writer.LoggerWriter [es-writer-1] {"
2022-04-20 06:56:50,112 INFO com.internetitem.logback.elasticsearch.writer.LoggerWriter [es-writer-1] {"index":{"_index":"springboot-logs-2022-04-20"}}
{"@timestamp":"2022-04-20T06:56:30.315-0400","message":"Tomcat initialized with port(s): 8080 (http)","host":"Infraestructura","severity":"INFO","thread":"main","logger":"org.springframework.boot.web.embedded.tomcat.TomcatWebServer"}
{"index":{"_index":"springboot-logs-2022-04-20"}}
{"@time
2022-04-20 06:56:50,112 INFO com.internetitem.logback.elasticsearch.writer.LoggerWriter [es-writer-1] 2022-04-20T06:56:31.586-0400","message":"
2022-04-20 06:56:50,113 INFO com.internetitem.logback.elasticsearch.writer.LoggerWriter [es-writer-1] 20
2022-04-20 06:56:50,113 INFO com.internetitem.logback.elasticsearch.writer.LoggerWriter [es-writer-1] 20
2022-04-20 06:56:50,113 INFO com.internetitem.logback.elasticsearch.writer.LoggerWriter [es-writer-1] 20
2022-04-20 06:56:50,113 INFO com.internetitem.logback.elasticsearch.writer.LoggerWriter [es-writer-1] 2022-04-20T06:56:31.586-0400"
2022-04-20 06:56:50,113 INFO com.internetitem.logback.elasticsearch.writer.LoggerWriter [es-writer-1] 20
2022-04-20 06:56:50,113 INFO com.internetitem.logback.elasticsearch.writer.LoggerWriter [es-writer-1] 2022-04-20T06:56:31.586-0400"
2022-04-20 06:56:50,113 INFO com.internetitem.logback.elasticsearch.writer.LoggerWriter [es-writer-1] 20
2022-04-20 06:56:50,113 INFO com.internetitem.logback.elasticsearch.writer.LoggerWriter [es-writer-1] 2022-04-20T06:56:31.586-0400"
2022-04-20 06:56:50,113 INFO com.internetitem.logback.elasticsearch.writer.LoggerWriter [es-writer-1] 20
2022-04-20 06:56:50,114 INFO com.internetitem.logback.elasticsearch.writer.LoggerWriter [es-writer-1] 20
2022-04-20 06:56:50,114 INFO com.internetitem.logback.elasticsearch.writer.LoggerWriter [es-writer-1] 20
2022-04-20 06:56:50,114 INFO com.internetitem.logback.elasticsearch.writer.LoggerWriter [es-writer-1] 2022-04-20T06:
2022-04-20 06:56:50,114 INFO com.internetitem.logback.elasticsearch.writer.LoggerWriter [es-writer-1] 20
2022-04-20 06:56:50,114 INFO com.internetitem.logback.elasticsearch.writer.LoggerWriter [es-writer-1] 20
2022-04-20 06:56:50,114 INFO com.internetitem.logback.elasticsearch.writer.LoggerWriter [es-writer-1] 20
2022-04-20 06:56:50,114 INFO com.internetitem.logback.elasticsearch.writer.LoggerWriter [es-writer-1] 2022-04-20T06:56:31.586-0400","message":\\\\n**************
2022-04-20 06:56:50,115 INFO com.internetitem.logback.elasticsearch.writer.LoggerWriter [es-writer-1] 20
2022-04-20 06:56:50,116 INFO com.internetitem.logback.elasticsearch.writer.LoggerWriter [es-writer-1] 20
2022-04-20 06:56:50,116 INFO com.internetitem.logback.elasticsearch.writer.LoggerWriter [es-writer-1] 20
2022-04-20 06:56:50,116 INFO com.internetitem.logback.elasticsearch.writer.LoggerWriter [es-writer-1] 2022-04-2
2022-04-20 06:56:50,116 INFO com.internetitem.logback.elasticsearch.writer.LoggerWriter [es-writer-1] 20
2022-04-20 06:56:50,116 INFO com.internetitem.logback.elasticsearch.writer.LoggerWriter [es-writer-1] 20
2022-04-20 06:56:50,116 INFO com.internetitem.logback.elasticsearch.writer.LoggerWriter [es-writer-1] 20
2022-04-20 06:56:50,116 INFO com.internetitem.logback.elasticsearch.writer.LoggerWriter [es-writer-1] 2022-04-20T06:56:31.586-0400","message":\\\\n**************************\\nAPPLICATION FAILED TO STAR\\n***************
2022-04-20 06:56:50,116 INFO com.internetitem.logback.elasticsearch.writer.LoggerWriter [es-writer-1] 20
2022-04-20 06:56:50,117 INFO com.internetitem.logback.elasticsearch.writer.LoggerWriter [es-writer-1] 2022-04-20T06:56:31.586-0400","message":\\\\n**************************\\nAPPLICATION FAILED TO STAR\\n**************************\\\\nDescriptio
2022-04-20 06:57:11,130 WARN com.internetitem.logback.elasticsearch.util.ErrorReporter [es-writer-1] Failed to send events to Elasticsearch: Connection timed out: no further information
2022-04-20 06:57:32,380 WARN com.internetitem.logback.elasticsearch.util.ErrorReporter [es-writer-1] Failed to send events to Elasticsearch: Connection timed out: no further information
2022-04-20 06:57:53,631 WARN com.internetitem.logback.elasticsearch.util.ErrorReporter [es-writer-1] Failed to send events to Elasticsearch: Connection timed out: no further information
2022-04-20 07:06:19,885 INFO org.springframework.boot.StartupInfoLogger [main] Starting AppenderApplication using Java 17.0.2 on Infraestructura with PID 42932 (C:\Users\lizeth.ovando\Documents\projects\logging-springboot-elasticseach\target\classes started by lizeth.ovando in C:\Users\lizeth.ovando\Documents\projects\logging-springboot-elasticseach)
2022-04-20 07:06:19,888 DEBUG org.springframework.boot.StartupInfoLogger [main] Running with Spring Boot v2.6.6, Spring v5.3.18
2022-04-20 07:06:19,889 INFO org.springframework.boot.SpringApplication [main] No active profile set, falling back to 1 default profile: "default"
2022-04-20 07:06:20,142 INFO com.internetitem.logback.elasticsearch.writer.LoggerWriter [es-writer-1] {"index":{"_index":"springboot-logs-2022-04-20"}}
{"@timestamp":"2022-04-20T07:06:19.885-0400","message":"Starting AppenderApplication using Java 17.0.2 on Infraestructura with PID 42932 (C:
2022-04-20 07:06:20,144 INFO com.internetitem.logback.elasticsearch.writer.LoggerWriter [es-writer-1] {"index
2022-04-20 07:06:20,145 INFO com.internetitem.logback.elasticsearch.writer.LoggerWriter [es-writer-1] {"index":{"_ind
2022-04-20 07:06:20,145 INFO com.internetitem.logback.elasticsearch.writer.LoggerWriter [es-writer-1] {"index":{"
2022-04-20 07:06:20,145 INFO com.internetitem.logback.elasticsearch.writer.LoggerWriter [es-writer-1] {"index":{
2022-04-20 07:06:20,146 INFO com.internetitem.logback.elasticsearch.writer.LoggerWriter [es-writer-1] {"index":{"_index":"springboot-lo
2022-04-20 07:06:20,146 INFO com.internetitem.logback.elasticsearch.writer.LoggerWriter [es-writer-1] {"index"
2022-04-20 07:06:20,147 INFO com.internetitem.logback.elasticsearch.writer.LoggerWriter [es-writer-1] {"index":{"_index":"springboot-logs-2022
2022-04-20 07:06:20,147 INFO com.internetitem.logback.elasticsearch.writer.LoggerWriter [es-writer-1] {"index
2022-04-20 07:06:20,147 INFO com.internetitem.logback.elasticsearch.writer.LoggerWriter [es-writer-1] {"index":{"_ind
2022-04-20 07:06:20,148 INFO com.internetitem.logback.elasticsearch.writer.LoggerWriter [es-writer-1] {"index":{"
2022-04-20 07:06:20,148 INFO com.internetitem.logback.elasticsearch.writer.LoggerWriter [es-writer-1] {"index":{
2022-04-20 07:06:20,149 INFO com.internetitem.logback.elasticsearch.writer.LoggerWriter [es-writer-1] {"index":{"_index":"springboot-logs-2022-04-20"}}
{"@timestamp":"2022-04-20T07:06:19.885-0400","message":"Starting AppenderApplication using Java 17.0.2 on Infraestructura with PID 42932 (C\\User\\lizeth.ovand\\Document\\project\\logging-springboot-elasticseac\\targe\\classes started by lizeth.ovando in C\\User\\lizeth.ovand\\Document\\project\\logging-springboot-elasticseach)","host":"Infraestructura","severity":"INFO","thread":"main","logger":"com.logging.elasticsearch.appender.AppenderApplication"}
{"index":{"_index":"springboot-logs-2022-04-20"}}
{"@timestamp":"2022-04-20T07:06:19.888-0400","messa
2022-04-20 07:06:20,150 INFO com.internetitem.logback.elasticsearch.writer.LoggerWriter [es-writer-1] {"index":
2022-04-20 07:06:20,150 INFO com.internetitem.logback.elasticsearch.writer.LoggerWriter [es-writer-1] {"index":{"_index":"springboot-logs-2022-04-20"}}
{"@timestamp":"2022-04-20T07:06:19.885-0400","message":"Starting AppenderApplica
2022-04-20 07:06:20,853 INFO org.springframework.boot.web.embedded.tomcat.TomcatWebServer [main] Tomcat initialized with port(s): 8080 (http)
2022-04-20 07:06:20,861 INFO org.apache.juli.logging.DirectJDKLog [main] Initializing ProtocolHandler ["http-nio-8080"]
2022-04-20 07:06:20,861 INFO org.apache.juli.logging.DirectJDKLog [main] Starting service [Tomcat]
2022-04-20 07:06:20,862 INFO org.apache.juli.logging.DirectJDKLog [main] Starting Servlet engine: [Apache Tomcat/9.0.60]
2022-04-20 07:06:20,961 INFO org.apache.juli.logging.DirectJDKLog [main] Initializing Spring embedded WebApplicationContext
2022-04-20 07:06:20,961 INFO org.springframework.boot.web.servlet.context.ServletWebServerApplicationContext [main] Root WebApplicationContext: initialization completed in 985 ms
2022-04-20 07:06:21,302 INFO org.apache.juli.logging.DirectJDKLog [main] Starting ProtocolHandler ["http-nio-8080"]
2022-04-20 07:06:21,307 WARN org.springframework.context.support.AbstractApplicationContext [main] Exception encountered during context initialization - cancelling refresh attempt: org.springframework.context.ApplicationContextException: Failed to start bean 'webServerStartStop'; nested exception is org.springframework.boot.web.server.PortInUseException: Port 8080 is already in use
2022-04-20 07:06:21,311 INFO org.apache.juli.logging.DirectJDKLog [main] Pausing ProtocolHandler ["http-nio-8080"]
2022-04-20 07:06:21,312 INFO org.apache.juli.logging.DirectJDKLog [main] Stopping service [Tomcat]
2022-04-20 07:06:21,317 INFO org.apache.juli.logging.DirectJDKLog [main] Stopping ProtocolHandler ["http-nio-8080"]
2022-04-20 07:06:21,317 INFO org.apache.juli.logging.DirectJDKLog [main] Destroying ProtocolHandler ["http-nio-8080"]
2022-04-20 07:06:21,325 INFO org.springframework.boot.autoconfigure.logging.ConditionEvaluationReportLoggingListener [main] 

Error starting ApplicationContext. To display the conditions report re-run your application with 'debug' enabled.
2022-04-20 07:06:21,340 ERROR org.springframework.boot.diagnostics.LoggingFailureAnalysisReporter [main] 

***************************
APPLICATION FAILED TO START
***************************

Description:

Web server failed to start. Port 8080 was already in use.

Action:

Identify and stop the process that's listening on port 8080 or configure this application to listen on another port.

2022-04-20 07:06:41,150 WARN com.internetitem.logback.elasticsearch.util.ErrorReporter [es-writer-1] Failed to send events to Elasticsearch: Connection timed out: no further information
2022-04-20 07:06:41,403 INFO com.internetitem.logback.elasticsearch.writer.LoggerWriter [es-writer-1] {"index":{"_index":"springboot-logs-2022-04-20"}}
{"@timestamp":"2022-04-20T07:06:20.853-0400","message":"Tomcat initialized with port(s): 8080 (http)","host":"Infraestructura","severity":"INFO","thread":"main","logger":"org.springframework.boot.web.embedded.tomcat.TomcatWebServer"}
{"index":{"_index":"springboot-logs-2022-04-20"}}
{"@timestamp":"2022-04-20T07:06:20.861-0400","message":"Initializing ProtocolHandler [
2022-04-20 07:06:41,403 INFO com.internetitem.logback.elasticsearch.writer.LoggerWriter [es-writer-1] {"index":{"_ind
2022-04-20 07:06:41,404 INFO com.internetitem.logback.elasticsearch.writer.LoggerWriter [es-writer-1] {"index":{"_index":"springboot-logs-2022-04-20"}}
{"@timestamp":"2022-04-20T07:06:20.853-0400","message":"Tomcat initialized with port(s): 8080 (http)","host":"Infraestructura","severity":"INFO","thread":"main","logger":"org.springframework.boot.web.embedded.tomcat.TomcatWebServer"}
{"index":{"_index":"springboot-logs-2022-04-20"}}
{"@timestamp":"2022-04-20T07:06:20.861-0400","message":"Initializing ProtocolHandler \"http-nio-808\"]","host":"Infraestructura","severity":"INFO","thread":"main","logger":"org.apache.coyote.http11.Http11NioProtocol"}
{"index":{"_index":"springboot-logs-2022-04-20"}}
{"@timestamp":"2022-04-20T07:06:20.861-0400","message":"Starting service [Tomcat]","host":"Infraestructura","severity":"INFO","thread":"main","logger":"org.apache.catalina.core.StandardService"}
{"index":{"_index":"springboot-logs-2022-04-20"}}
{"@timestamp":"2022-04-20T07:06:20.862-0400","message":"Starting Servlet engine: [Apache Tomcat/9.0.60]","host":"Infraestructura","severity":"INFO","thread":"main","logger":"org.apache.catalina.core.StandardEngine"}
{"index":{"_index":"springboot-logs-2022-04-20"}}
{"@timestamp":"2022-04-20T07:06:20.961-0400","message":"Initializing Spring embedded WebApplicationContext","host":"Infraestructura","severity":"INFO","thread":"main","logger":"org.apache.catalina.core.ContainerBase.[Tomcat].[localhost].[/]"}
{"index":{"_index":"
2022-04-20 07:06:41,404 INFO com.internetitem.logback.elasticsearch.writer.LoggerWriter [es-writer-1] {"index":{"_ind
2022-04-20 07:06:41,405 INFO com.internetitem.logback.elasticsearch.writer.LoggerWriter [es-writer-1] {"index":{"_index":"springboot-logs-2022-04-20"}}
{"@timestamp":"2022-04-20T07:06:20.853-0400","message":"Tomcat initialized with port(s): 8080 (http)","host":"Infraestructura","severity":"INFO","thread":"main","logger":"org.springframework.boot.web.embedded.tomcat.TomcatWebServer"}
{"index":{"_index":"springboot-logs-2022-04-20"}}
{"@timestamp":"2022-04-20T07:06:20.861-0400","message":"Initializing ProtocolHandler \"http-nio-808\"]","host":"Infraestructura","severity":"INFO","thread":"main","logger":"org.apache.coyote.http11.Http11NioProtocol"}
{"index":{"_index":"springboot-logs-2022-04-20"}}
{"@timestamp":"2022-04-20T07:06:20.861-0400","message":"Starting service [Tomcat]","host":"Infraestructura","severity":"INFO","thread":"main","logger":"org.apache.catalina.core.StandardService"}
{"index":{"_i
2022-04-20 07:06:41,405 INFO com.internetitem.logback.elasticsearch.writer.LoggerWriter [es-writer-1] {"index":{"_ind
2022-04-20 07:06:41,405 INFO com.internetitem.logback.elasticsearch.writer.LoggerWriter [es-writer-1] {"index":{"_index":"springboot-logs-2022-04-20"}}
{"@timestamp":"2022-04-20T07:06:20.853-0400","message":"Tomcat initialized with port(s): 8080 (http)","host":"Infraestructura","severity":"INFO","thread":"main","logger":"org.springframework.boot.web.embedded.tomcat.TomcatWebServer"}
{"index":{"_index":"springboot-logs-2022-04-20"}}
{"@timestamp":"2022-04-20T07:06:20.861-0400","message":"Initializing ProtocolHandler \"http-nio-808\"]","host":"Infraestructura","severity":"INFO","thread":"main"
2022-04-20 07:06:41,405 INFO com.internetitem.logback.elasticsearch.writer.LoggerWriter [es-writer-1] {"index":{"_ind
2022-04-20 07:06:41,406 INFO com.internetitem.logback.elasticsearch.writer.LoggerWriter [es-writer-1] {"index":{"_index":"springboot-logs-2022-04-20"}}
{"@timestamp":"2022-04-20T07:06:20.853-0400","message":"Tomcat initialized with port(s): 8080 (http)","host":"Infraestructura","severity":"INFO","thread":"main","logger":"org.springframework.boot.web.emb
2022-04-20 07:06:41,406 INFO com.internetitem.logback.elasticsearch.writer.LoggerWriter [es-writer-1] {"index":{"_ind
2022-04-20 07:06:41,407 INFO com.internetitem.logback.elasticsearch.writer.LoggerWriter [es-writer-1] {"index":{"_index":"springboot-logs-2022-04-20"}}
{"@timestamp":"2022-04-20T07:06:20.853-0400","message":"Tomcat initialized with port(s): 8080 (http)","host":"Infraestructura","severity":"INFO","thread":"main","logger":"org.
2022-04-20 07:06:41,407 INFO com.internetitem.logback.elasticsearch.writer.LoggerWriter [es-writer-1] {"
2022-04-20 07:06:41,407 INFO com.internetitem.logback.elasticsearch.writer.LoggerWriter [es-writer-1] {"
2022-04-20 07:06:41,407 INFO com.internetitem.logback.elasticsearch.writer.LoggerWriter [es-writer-1] {"
2022-04-20 07:06:41,407 INFO com.internetitem.logback.elasticsearch.writer.LoggerWriter [es-writer-1] {"index":{"_index":"springboot-logs-2022-04-20"}}
{"@timestamp":"2022-04-20T07:06:20.853-0400","message":"Tomcat initialized with port(s): 8080 (http)","host":"Infraestructura","severity":"INFO","thread":"main","logger":"org.springframework.boot.web.embedded.tomcat.TomcatWebServer"}
{"index":{"_index":"springboot-logs-2022-04-20"}}
{"@time
2022-04-20 07:06:41,408 INFO com.internetitem.logback.elasticsearch.writer.LoggerWriter [es-writer-1] 2022-04-20T07:06:21.340-0400","message":"
2022-04-20 07:06:41,408 INFO com.internetitem.logback.elasticsearch.writer.LoggerWriter [es-writer-1] 20
2022-04-20 07:06:41,408 INFO com.internetitem.logback.elasticsearch.writer.LoggerWriter [es-writer-1] 20
2022-04-20 07:06:41,408 INFO com.internetitem.logback.elasticsearch.writer.LoggerWriter [es-writer-1] 20
2022-04-20 07:06:41,409 INFO com.internetitem.logback.elasticsearch.writer.LoggerWriter [es-writer-1] 2022-04-20T07:06:21.340-0400"
2022-04-20 07:06:41,409 INFO com.internetitem.logback.elasticsearch.writer.LoggerWriter [es-writer-1] 20
2022-04-20 07:06:41,409 INFO com.internetitem.logback.elasticsearch.writer.LoggerWriter [es-writer-1] 2022-04-20T07:06:21.340-0400"
2022-04-20 07:06:41,409 INFO com.internetitem.logback.elasticsearch.writer.LoggerWriter [es-writer-1] 20
2022-04-20 07:06:41,409 INFO com.internetitem.logback.elasticsearch.writer.LoggerWriter [es-writer-1] 2022-04-20T07:06:21.340-0400"
2022-04-20 07:06:41,410 INFO com.internetitem.logback.elasticsearch.writer.LoggerWriter [es-writer-1] 20
2022-04-20 07:06:41,410 INFO com.internetitem.logback.elasticsearch.writer.LoggerWriter [es-writer-1] 20
2022-04-20 07:06:41,410 INFO com.internetitem.logback.elasticsearch.writer.LoggerWriter [es-writer-1] 20
2022-04-20 07:06:41,410 INFO com.internetitem.logback.elasticsearch.writer.LoggerWriter [es-writer-1] 2022-04-20T07:
2022-04-20 07:06:41,411 INFO com.internetitem.logback.elasticsearch.writer.LoggerWriter [es-writer-1] 20
2022-04-20 07:06:41,411 INFO com.internetitem.logback.elasticsearch.writer.LoggerWriter [es-writer-1] 20
2022-04-20 07:06:41,411 INFO com.internetitem.logback.elasticsearch.writer.LoggerWriter [es-writer-1] 20
2022-04-20 07:06:41,411 INFO com.internetitem.logback.elasticsearch.writer.LoggerWriter [es-writer-1] 2022-04-20T07:06:21.340-0400","message":\\\\n**************
2022-04-20 07:06:41,412 INFO com.internetitem.logback.elasticsearch.writer.LoggerWriter [es-writer-1] 20
2022-04-20 07:06:41,412 INFO com.internetitem.logback.elasticsearch.writer.LoggerWriter [es-writer-1] 20
2022-04-20 07:06:41,413 INFO com.internetitem.logback.elasticsearch.writer.LoggerWriter [es-writer-1] 20
2022-04-20 07:06:41,414 INFO com.internetitem.logback.elasticsearch.writer.LoggerWriter [es-writer-1] 2022-04-2
2022-04-20 07:06:41,414 INFO com.internetitem.logback.elasticsearch.writer.LoggerWriter [es-writer-1] 20
2022-04-20 07:06:41,414 INFO com.internetitem.logback.elasticsearch.writer.LoggerWriter [es-writer-1] 20
2022-04-20 07:06:41,414 INFO com.internetitem.logback.elasticsearch.writer.LoggerWriter [es-writer-1] 20
2022-04-20 07:06:41,414 INFO com.internetitem.logback.elasticsearch.writer.LoggerWriter [es-writer-1] 2022-04-20T07:06:21.340-0400","message":\\\\n**************************\\nAPPLICATION FAILED TO STAR\\n***************
2022-04-20 07:06:41,414 INFO com.internetitem.logback.elasticsearch.writer.LoggerWriter [es-writer-1] 20
2022-04-20 07:06:41,414 INFO com.internetitem.logback.elasticsearch.writer.LoggerWriter [es-writer-1] 2022-04-20T07:06:21.340-0400","message":\\\\n**************************\\nAPPLICATION FAILED TO STAR\\n**************************\\\\nDescriptio
2022-04-20 07:06:49,324 INFO org.springframework.boot.StartupInfoLogger [main] Starting AppenderApplication using Java 17.0.2 on Infraestructura with PID 78368 (C:\Users\lizeth.ovando\Documents\projects\logging-springboot-elasticseach\target\classes started by lizeth.ovando in C:\Users\lizeth.ovando\Documents\projects\logging-springboot-elasticseach)
2022-04-20 07:06:49,329 DEBUG org.springframework.boot.StartupInfoLogger [main] Running with Spring Boot v2.6.6, Spring v5.3.18
2022-04-20 07:06:49,330 INFO org.springframework.boot.SpringApplication [main] No active profile set, falling back to 1 default profile: "default"
2022-04-20 07:06:49,585 INFO com.internetitem.logback.elasticsearch.writer.LoggerWriter [es-writer-1] {"index":{"_index":"springboot-logs-2022-04-20"}}
{"@timestamp":"2022-04-20T07:06:49.324-0400","message":"Starting AppenderApplication using Java 17.0.2 on Infraestructura with PID 78368 (C:
2022-04-20 07:06:49,586 INFO com.internetitem.logback.elasticsearch.writer.LoggerWriter [es-writer-1] {"index
2022-04-20 07:06:49,586 INFO com.internetitem.logback.elasticsearch.writer.LoggerWriter [es-writer-1] {"index":{"_ind
2022-04-20 07:06:49,586 INFO com.internetitem.logback.elasticsearch.writer.LoggerWriter [es-writer-1] {"index":{"
2022-04-20 07:06:49,587 INFO com.internetitem.logback.elasticsearch.writer.LoggerWriter [es-writer-1] {"index":{
2022-04-20 07:06:49,587 INFO com.internetitem.logback.elasticsearch.writer.LoggerWriter [es-writer-1] {"index":{"_index":"springboot-lo
2022-04-20 07:06:49,587 INFO com.internetitem.logback.elasticsearch.writer.LoggerWriter [es-writer-1] {"index"
2022-04-20 07:06:49,587 INFO com.internetitem.logback.elasticsearch.writer.LoggerWriter [es-writer-1] {"index":{"_index":"springboot-logs-2022
2022-04-20 07:06:49,587 INFO com.internetitem.logback.elasticsearch.writer.LoggerWriter [es-writer-1] {"index
2022-04-20 07:06:49,588 INFO com.internetitem.logback.elasticsearch.writer.LoggerWriter [es-writer-1] {"index":{"_ind
2022-04-20 07:06:49,588 INFO com.internetitem.logback.elasticsearch.writer.LoggerWriter [es-writer-1] {"index":{"
2022-04-20 07:06:49,588 INFO com.internetitem.logback.elasticsearch.writer.LoggerWriter [es-writer-1] {"index":{
2022-04-20 07:06:49,589 INFO com.internetitem.logback.elasticsearch.writer.LoggerWriter [es-writer-1] {"index":{"_index":"springboot-logs-2022-04-20"}}
{"@timestamp":"2022-04-20T07:06:49.324-0400","message":"Starting AppenderApplication using Java 17.0.2 on Infraestructura with PID 78368 (C\\User\\lizeth.ovand\\Document\\project\\logging-springboot-elasticseac\\targe\\classes started by lizeth.ovando in C\\User\\lizeth.ovand\\Document\\project\\logging-springboot-elasticseach)","host":"Infraestructura","severity":"INFO","thread":"main","logger":"com.logging.elasticsearch.appender.AppenderApplication"}
{"index":{"_index":"springboot-logs-2022-04-20"}}
{"@timestamp":"2022-04-20T07:06:49.329-0400","messa
2022-04-20 07:06:49,589 INFO com.internetitem.logback.elasticsearch.writer.LoggerWriter [es-writer-1] {"index":
2022-04-20 07:06:49,590 INFO com.internetitem.logback.elasticsearch.writer.LoggerWriter [es-writer-1] {"index":{"_index":"springboot-logs-2022-04-20"}}
{"@timestamp":"2022-04-20T07:06:49.324-0400","message":"Starting AppenderApplica
2022-04-20 07:06:50,180 INFO org.springframework.boot.web.embedded.tomcat.TomcatWebServer [main] Tomcat initialized with port(s): 8090 (http)
2022-04-20 07:06:50,189 INFO org.apache.juli.logging.DirectJDKLog [main] Initializing ProtocolHandler ["http-nio-8090"]
2022-04-20 07:06:50,189 INFO org.apache.juli.logging.DirectJDKLog [main] Starting service [Tomcat]
2022-04-20 07:06:50,190 INFO org.apache.juli.logging.DirectJDKLog [main] Starting Servlet engine: [Apache Tomcat/9.0.60]
2022-04-20 07:06:50,288 INFO org.apache.juli.logging.DirectJDKLog [main] Initializing Spring embedded WebApplicationContext
2022-04-20 07:06:50,289 INFO org.springframework.boot.web.servlet.context.ServletWebServerApplicationContext [main] Root WebApplicationContext: initialization completed in 890 ms
2022-04-20 07:06:50,642 INFO org.apache.juli.logging.DirectJDKLog [main] Starting ProtocolHandler ["http-nio-8090"]
2022-04-20 07:06:50,678 INFO org.springframework.boot.web.embedded.tomcat.TomcatWebServer [main] Tomcat started on port(s): 8090 (http) with context path ''
2022-04-20 07:06:50,698 INFO org.springframework.boot.StartupInfoLogger [main] Started AppenderApplication in 1.978 seconds (JVM running for 3.377)
2022-04-20 07:07:10,597 WARN com.internetitem.logback.elasticsearch.util.ErrorReporter [es-writer-1] Failed to send events to Elasticsearch: Connection timed out: no further information
2022-04-20 07:07:10,851 INFO com.internetitem.logback.elasticsearch.writer.LoggerWriter [es-writer-1] {"index":{"_index":"springboot-logs-2022-04-20"}}
{"@timestamp":"2022-04-20T07:06:50.180-0400","message":"Tomcat initialized with port(s): 8090 (http)","host":"Infraestructura","severity":"INFO","thread":"main","logger":"org.springframework.boot.web.embedded.tomcat.TomcatWebServer"}
{"index":{"_index":"springboot-logs-2022-04-20"}}
{"@timestamp":"2022-04-20T07:06:50.189-0400","message":"Initializing ProtocolHandler [
2022-04-20 07:07:10,852 INFO com.internetitem.logback.elasticsearch.writer.LoggerWriter [es-writer-1] {"index":{"_ind
2022-04-20 07:07:10,854 INFO com.internetitem.logback.elasticsearch.writer.LoggerWriter [es-writer-1] {"index":{"_index":"springboot-logs-2022-04-20"}}
{"@timestamp":"2022-04-20T07:06:50.180-0400","message":"Tomcat initialized with port(s): 8090 (http)","host":"Infraestructura","severity":"INFO","thread":"main","logger":"org.springframework.boot.web.embedded.tomcat.TomcatWebServer"}
{"index":{"_index":"springboot-logs-2022-04-20"}}
{"@timestamp":"2022-04-20T07:06:50.189-0400","message":"Initializing ProtocolHandler \"http-nio-809\"]","host":"Infraestructura","severity":"INFO","thread":"main","logger":"org.apache.coyote.http11.Http11NioProtocol"}
{"index":{"_index":"springboot-logs-2022-04-20"}}
{"@timestamp":"2022-04-20T07:06:50.189-0400","message":"Starting service [Tomcat]","host":"Infraestructura","severity":"INFO","thread":"main","logger":"org.apache.catalina.core.StandardService"}
{"index":{"_index":"springboot-logs-2022-04-20"}}
{"@timestamp":"2022-04-20T07:06:50.190-0400","message":"Starting Servlet engine: [Apache Tomcat/9.0.60]","host":"Infraestructura","severity":"INFO","thread":"main","logger":"org.apache.catalina.core.StandardEngine"}
{"index":{"_index":"springboot-logs-2022-04-20"}}
{"@timestamp":"2022-04-20T07:06:50.288-0400","message":"Initializing Spring embedded WebApplicationContext","host":"Infraestructura","severity":"INFO","thread":"main","logger":"org.apache.catalina.core.ContainerBase.[Tomcat].[localhost].[/]"}
{"index":{"_index":"
2022-04-20 07:07:10,854 INFO com.internetitem.logback.elasticsearch.writer.LoggerWriter [es-writer-1] {"index":{"_ind
2022-04-20 07:07:10,855 INFO com.internetitem.logback.elasticsearch.writer.LoggerWriter [es-writer-1] {"index":{"_index":"springboot-logs-2022-04-20"}}
{"@timestamp":"2022-04-20T07:06:50.180-0400","message":"Tomcat initialized with port(s): 8090 (http)","host":"Infraestructura","severity":"INFO","thread":"main","logger":"org.springframework.boot.web.embedded.tomcat.TomcatWebServer"}
{"index":{"_index":"springboot-logs-2022-04-20"}}
{"@timestamp":"2022-04-20T07:06:50.189-0400","message":"Initializing ProtocolHandler \"http-nio-809\"]","host":"Infraestructura","severity":"INFO","thread":"main","logger":"org.apache.coyote.http11.Http11NioProtocol"}
{"index":{"_index":"springboot-logs-2022-04-20"}}
{"@timestamp":"2022-04-20T07:06:50.189-0400","message":"Starting service [Tomcat]","host":"Infraestructura","severity"
2022-04-20 07:07:31,857 WARN com.internetitem.logback.elasticsearch.util.ErrorReporter [es-writer-1] Failed to send events to Elasticsearch: Connection timed out: no further information
2022-04-20 07:07:53,113 WARN com.internetitem.logback.elasticsearch.util.ErrorReporter [es-writer-1] Failed to send events to Elasticsearch: Connection timed out: no further information
2022-04-20 07:08:14,360 WARN com.internetitem.logback.elasticsearch.util.ErrorReporter [es-writer-1] Failed to send events to Elasticsearch: Connection timed out: no further information
2022-04-20 07:08:40,630 INFO org.springframework.boot.StartupInfoLogger [main] Starting AppenderApplication using Java 17.0.2 on Infraestructura with PID 43916 (C:\Users\lizeth.ovando\Documents\projects\logging-springboot-elasticseach\target\classes started by lizeth.ovando in C:\Users\lizeth.ovando\Documents\projects\logging-springboot-elasticseach)
2022-04-20 07:08:40,636 DEBUG org.springframework.boot.StartupInfoLogger [main] Running with Spring Boot v2.6.6, Spring v5.3.18
2022-04-20 07:08:40,637 INFO org.springframework.boot.SpringApplication [main] No active profile set, falling back to 1 default profile: "default"
2022-04-20 07:08:40,885 INFO com.internetitem.logback.elasticsearch.writer.LoggerWriter [es-writer-1] {"index":{"_index":"springboot-logs-2022-04-20"}}
{"@timestamp":"2022-04-20T07:08:40.630-0400","message":"Starting AppenderApplication using Java 17.0.2 on Infraestructura with PID 43916 (C:
2022-04-20 07:08:40,886 INFO com.internetitem.logback.elasticsearch.writer.LoggerWriter [es-writer-1] {"index
2022-04-20 07:08:40,886 INFO com.internetitem.logback.elasticsearch.writer.LoggerWriter [es-writer-1] {"index":{"_ind
2022-04-20 07:08:40,886 INFO com.internetitem.logback.elasticsearch.writer.LoggerWriter [es-writer-1] {"index":{"
2022-04-20 07:08:40,886 INFO com.internetitem.logback.elasticsearch.writer.LoggerWriter [es-writer-1] {"index":{
2022-04-20 07:08:40,887 INFO com.internetitem.logback.elasticsearch.writer.LoggerWriter [es-writer-1] {"index":{"_index":"springboot-lo
2022-04-20 07:08:40,887 INFO com.internetitem.logback.elasticsearch.writer.LoggerWriter [es-writer-1] {"index"
2022-04-20 07:08:40,887 INFO com.internetitem.logback.elasticsearch.writer.LoggerWriter [es-writer-1] {"index":{"_index":"springboot-logs-2022
2022-04-20 07:08:40,887 INFO com.internetitem.logback.elasticsearch.writer.LoggerWriter [es-writer-1] {"index
2022-04-20 07:08:40,887 INFO com.internetitem.logback.elasticsearch.writer.LoggerWriter [es-writer-1] {"index":{"_ind
2022-04-20 07:08:40,888 INFO com.internetitem.logback.elasticsearch.writer.LoggerWriter [es-writer-1] {"index":{"
2022-04-20 07:08:40,888 INFO com.internetitem.logback.elasticsearch.writer.LoggerWriter [es-writer-1] {"index":{
2022-04-20 07:08:40,888 INFO com.internetitem.logback.elasticsearch.writer.LoggerWriter [es-writer-1] {"index":{"_index":"springboot-logs-2022-04-20"}}
{"@timestamp":"2022-04-20T07:08:40.630-0400","message":"Starting AppenderApplication using Java 17.0.2 on Infraestructura with PID 43916 (C\\User\\lizeth.ovand\\Document\\project\\logging-springboot-elasticseac\\targe\\classes started by lizeth.ovando in C\\User\\lizeth.ovand\\Document\\project\\logging-springboot-elasticseach)","host":"Infraestructura","severity":"INFO","thread":"main","logger":"com.logging.elasticsearch.appender.AppenderApplication"}
{"index":{"_index":"springboot-logs-2022-04-20"}}
{"@timestamp":"2022-04-20T07:08:40.636-0400","messa
2022-04-20 07:08:40,889 INFO com.internetitem.logback.elasticsearch.writer.LoggerWriter [es-writer-1] {"index":
2022-04-20 07:08:40,889 INFO com.internetitem.logback.elasticsearch.writer.LoggerWriter [es-writer-1] {"index":{"_index":"springboot-logs-2022-04-20"}}
{"@timestamp":"2022-04-20T07:08:40.630-0400","message":"Starting AppenderApplica
2022-04-20 07:08:41,503 INFO org.springframework.boot.web.embedded.tomcat.TomcatWebServer [main] Tomcat initialized with port(s): 8090 (http)
2022-04-20 07:08:41,511 INFO org.apache.juli.logging.DirectJDKLog [main] Initializing ProtocolHandler ["http-nio-8090"]
2022-04-20 07:08:41,512 INFO org.apache.juli.logging.DirectJDKLog [main] Starting service [Tomcat]
2022-04-20 07:08:41,512 INFO org.apache.juli.logging.DirectJDKLog [main] Starting Servlet engine: [Apache Tomcat/9.0.60]
2022-04-20 07:08:41,625 INFO org.apache.juli.logging.DirectJDKLog [main] Initializing Spring embedded WebApplicationContext
2022-04-20 07:08:41,625 INFO org.springframework.boot.web.servlet.context.ServletWebServerApplicationContext [main] Root WebApplicationContext: initialization completed in 924 ms
2022-04-20 07:08:41,971 INFO org.apache.juli.logging.DirectJDKLog [main] Starting ProtocolHandler ["http-nio-8090"]
2022-04-20 07:08:41,993 INFO org.springframework.boot.web.embedded.tomcat.TomcatWebServer [main] Tomcat started on port(s): 8090 (http) with context path ''
2022-04-20 07:08:42,005 INFO org.springframework.boot.StartupInfoLogger [main] Started AppenderApplication in 2.076 seconds (JVM running for 3.298)
2022-04-20 07:08:42,358 INFO com.internetitem.logback.elasticsearch.writer.LoggerWriter [es-writer-1] {"index":{"_index":"springboot-logs-2022-04-20"}}
{"@timestamp":"2022-04-20T07:08:41.503-0400","message":"Tomcat initialized with port(s): 8090 (http)","host":"Infraestructura","severity":"INFO","thread":"main","logger":"org.springframework.boot.web.embedded.tomcat.TomcatWebServer"}
{"index":{"_index":"springboot-logs-2022-04-20"}}
{"@timestamp":"2022-04-20T07:08:41.511-0400","message":"Initializing ProtocolHandler [
2022-04-20 07:08:42,359 INFO com.internetitem.logback.elasticsearch.writer.LoggerWriter [es-writer-1] {"index":{"_ind
2022-04-20 07:08:42,360 INFO com.internetitem.logback.elasticsearch.writer.LoggerWriter [es-writer-1] {"index":{"_index":"springboot-logs-2022-04-20"}}
{"@timestamp":"2022-04-20T07:08:41.503-0400","message":"Tomcat initialized with port(s): 8090 (http)","host":"Infraestructura","severity":"INFO","thread":"main","logger":"org.springframework.boot.web.embedded.tomcat.TomcatWebServer"}
{"index":{"_index":"springboot-logs-2022-04-20"}}
{"@timestamp":"2022-04-20T07:08:41.511-0400","message":"Initializing ProtocolHandler \"http-nio-809\"]","host":"Infraestructura","severity":"INFO","thread":"main","logger":"org.apache.coyote.http11.Http11NioProtocol"}
{"index":{"_index":"springboot-logs-2022-04-20"}}
{"@timestamp":"2022-04-20T07:08:41.512-0400","message":"Starting service [Tomcat]","host":"Infraestructura","severity":"INFO","thread":"main","logger":"org.apache.catalina.core.StandardService"}
{"index":{"_index":"springboot-logs-2022-04-20"}}
{"@timestamp":"2022-04-20T07:08:41.512-0400","message":"Starting Servlet engine: [Apache Tomcat/9.0.60]","host":"Infraestructura","severity":"INFO","thread":"main","logger":"org.apache.catalina.core.StandardEngine"}
{"index":{"_index":"springboot-logs-2022-04-20"}}
{"@timestamp":"2022-04-20T07:08:41.625-0400","message":"Initializing Spring embedded WebApplicationContext","host":"Infraestructura","severity":"INFO","thread":"main","logger":"org.apache.catalina.core.ContainerBase.[Tomcat].[localhost].[/]"}
{"index":{"_index":"
2022-04-20 07:08:42,361 INFO com.internetitem.logback.elasticsearch.writer.LoggerWriter [es-writer-1] {"index":{"_ind
2022-04-20 07:08:42,362 INFO com.internetitem.logback.elasticsearch.writer.LoggerWriter [es-writer-1] {"index":{"_index":"springboot-logs-2022-04-20"}}
{"@timestamp":"2022-04-20T07:08:41.503-0400","message":"Tomcat initialized with port(s): 8090 (http)","host":"Infraestructura","severity":"INFO","thread":"main","logger":"org.springframework.boot.web.embedded.tomcat.TomcatWebServer"}
{"index":{"_index":"springboot-logs-2022-04-20"}}
{"@timestamp":"2022-04-20T07:08:41.511-0400","message":"Initializing ProtocolHandler \"http-nio-809\"]","host":"Infraestructura","severity":"INFO","thread":"main","logger":"org.apache.coyote.http11.Http11NioProtocol"}
{"index":{"_index":"springboot-logs-2022-04-20"}}
{"@timestamp":"2022-04-20T07:08:41.512-0400","message":"Starting service [Tomcat]","host":"Infraestructura","severity"
